Change Physical Footprint: Designator=C1 Old Footprint=CAPC1608X10N New Footprint=CAPC1608X10N
Change Physical Footprint: Designator=C2 Old Footprint=CAPC1608X10N New Footprint=CAPC1608X10N
Change Physical Footprint: Designator=C3 Old Footprint=CAPC1608X10N New Footprint=CAPC1608X10N
Change Physical Footprint: Designator=C4 Old Footprint=CAPC1608X10N New Footprint=CAPC1608X10N
Change Physical Footprint: Designator=C5 Old Footprint=CAPC1608X10N New Footprint=CAPC1608X10N
Change Physical Footprint: Designator=C6 Old Footprint=CAPC1608X10N New Footprint=CAPC1608X10N
Change Physical Footprint: Designator=C7 Old Footprint=CAPC1608X10N New Footprint=CAPC1608X10N
Change Physical Footprint: Designator=C8 Old Footprint=CAPC1608X10N New Footprint=CAPC1608X10N
Change Physical Footprint: Designator=C9 Old Footprint=CAPC1608X10N New Footprint=CAPC1608X10N
Change Physical Footprint: Designator=C10 Old Footprint=CAPC1608X10N New Footprint=CAPC1608X10N
Change Physical Footprint: Designator=C11 Old Footprint=CAPC1608X10N New Footprint=CAPC1608X10N
Change Physical Footprint: Designator=C12 Old Footprint=CAP_6.3_7.7 New Footprint=CAP_6.3_7.7
Change Physical Footprint: Designator=C13 Old Footprint=CAP_6.3_7.7 New Footprint=CAP_6.3_7.7
Change Physical Footprint: Designator=C14 Old Footprint=CAPC1608X10N New Footprint=CAPC1608X10N
Change Physical Footprint: Designator=C15 Old Footprint=CAP_6.3_7.7 New Footprint=CAP_6.3_7.7
Change Physical Footprint: Designator=C16 Old Footprint=CAPC1608X10N New Footprint=CAPC1608X10N
Change Physical Footprint: Designator=C17 Old Footprint=CAP_6.3_7.7 New Footprint=CAP_6.3_7.7
Change Physical Footprint: Designator=C18 Old Footprint=CAPMP3528X21L New Footprint=CAPMP3528X21L
Change Physical Footprint: Designator=C19 Old Footprint=CAPC1608X10N New Footprint=CAPC1608X10N
Change Physical Footprint: Designator=C20 Old Footprint=CAPC1608X10N New Footprint=CAPC1608X10N
Change Physical Footprint: Designator=C21 Old Footprint=CAPC1608X10N New Footprint=CAPC1608X10N
Change Physical Footprint: Designator=C22 Old Footprint=CAPC1608X10N New Footprint=CAPC1608X10N
Change Physical Footprint: Designator=C23 Old Footprint=CAPC1608X10N New Footprint=CAPC1608X10N
Change Physical Footprint: Designator=C24 Old Footprint=CAPC1608X10N New Footprint=CAPC1608X10N
Change Physical Footprint: Designator=C25 Old Footprint=CAPMP3528X21L New Footprint=CAPMP3528X21L
Change Physical Footprint: Designator=C26 Old Footprint=CAPC1608X10N New Footprint=CAPC1608X10N
Change Physical Footprint: Designator=C27 Old Footprint=CAPC1608X10N New Footprint=CAPC1608X10N
Change Physical Footprint: Designator=C28 Old Footprint=CAPC1608X10N New Footprint=CAPC1608X10N
Change Physical Footprint: Designator=C29 Old Footprint=CAPC1608X10N New Footprint=CAPC1608X10N
Change Physical Footprint: Designator=C30 Old Footprint=CAPC1608X10N New Footprint=CAPC1608X10N
Change Physical Footprint: Designator=C31 Old Footprint=CAPC1608X10N New Footprint=CAPC1608X10N
Change Physical Footprint: Designator=D1 Old Footprint=B560C-13-F New Footprint=B560C-13-F
Change Physical Footprint: Designator=D2 Old Footprint=LED_1206_TOP New Footprint=LED_1206_TOP
Change Physical Footprint: Designator=D3 Old Footprint=LED_1206_TOP New Footprint=LED_1206_TOP
Change Physical Footprint: Designator=D4 Old Footprint=LED_1206_TOP New Footprint=LED_1206_TOP
Change Physical Footprint: Designator=J1 Old Footprint=KLDX-0202-AC New Footprint=KLDX-0202-AC
Change Physical Footprint: Designator=J2 Old Footprint=2PX1R New Footprint=2PX1R
Change Physical Footprint: Designator=J4 Old Footprint=6PX1R_F New Footprint=6PX1R_F
Change Physical Footprint: Designator=J5 Old Footprint=6PX1R_F New Footprint=6PX1R_F
Change Physical Footprint: Designator=J7 Old Footprint=6PX1R_F New Footprint=6PX1R_F
Change Physical Footprint: Designator=J11 Old Footprint=6PX1R_F New Footprint=6PX1R_F
Change Physical Footprint: Designator=J12 Old Footprint=6PX1R_F New Footprint=6PX1R_F
Change Physical Footprint: Designator=L1 Old Footprint=IND_7040 New Footprint=IND_7040
Change Physical Footprint: Designator=L2 Old Footprint=IFSC-2020DE-01 New Footprint=IFSC-2020DE-01
Change Physical Footprint: Designator=L3 Old Footprint=IFSC-2020DE-01 New Footprint=IFSC-2020DE-01
Change Physical Footprint: Designator=NTC1 Old Footprint=RES_NTC_BEAD New Footprint=RES_NTC_BEAD
Change Physical Footprint: Designator=R1 Old Footprint=RES_0603 New Footprint=RES_0603
Change Physical Footprint: Designator=R2 Old Footprint=RES_0603 New Footprint=RES_0603
Change Physical Footprint: Designator=R3 Old Footprint=RESC3115X06N New Footprint=RESC3115X06N
Change Physical Footprint: Designator=R4 Old Footprint=RESC3115X06N New Footprint=RESC3115X06N
Change Physical Footprint: Designator=R5 Old Footprint=RES_0603 New Footprint=RES_0603
Change Physical Footprint: Designator=R6 Old Footprint=RES_0603 New Footprint=RES_0603
Change Physical Footprint: Designator=R7 Old Footprint=RES_0603 New Footprint=RES_0603
Change Physical Footprint: Designator=R8 Old Footprint=RES_0603 New Footprint=RES_0603
Change Physical Footprint: Designator=R9 Old Footprint=RES_0603 New Footprint=RES_0603
Change Physical Footprint: Designator=R10 Old Footprint=RES_0603 New Footprint=RES_0603
Change Physical Footprint: Designator=R11 Old Footprint=RES_0603 New Footprint=RES_0603
Change Physical Footprint: Designator=R12 Old Footprint=RES_0603 New Footprint=RES_0603
Change Physical Footprint: Designator=R13 Old Footprint=RES_0603 New Footprint=RES_0603
Change Physical Footprint: Designator=R14 Old Footprint=RES_0603 New Footprint=RES_0603
Change Physical Footprint: Designator=R15 Old Footprint=RES_0603 New Footprint=RES_0603
Change Physical Footprint: Designator=R16 Old Footprint=RES_0603 New Footprint=RES_0603
Change Physical Footprint: Designator=R17 Old Footprint=RES_0603 New Footprint=RES_0603
Change Physical Footprint: Designator=R18 Old Footprint=RES_0603 New Footprint=RES_0603
Change Physical Footprint: Designator=R19 Old Footprint=RES_0603 New Footprint=RES_0603
Change Physical Footprint: Designator=R20 Old Footprint=RES_0603 New Footprint=RES_0603
Change Physical Footprint: Designator=R21 Old Footprint=RES_0603 New Footprint=RES_0603
Change Physical Footprint: Designator=R22 Old Footprint=RES_0603 New Footprint=RES_0603
Change Physical Footprint: Designator=R23 Old Footprint=RES_0603 New Footprint=RES_0603
Change Physical Footprint: Designator=R24 Old Footprint=RES_0603 New Footprint=RES_0603
Change Physical Footprint: Designator=R25 Old Footprint=RES_0603 New Footprint=RES_0603
Change Physical Footprint: Designator=R26 Old Footprint=RES_0603 New Footprint=RES_0603
Change Physical Footprint: Designator=R27 Old Footprint=RES_0603 New Footprint=RES_0603
Change Physical Footprint: Designator=R28 Old Footprint=RES_0603 New Footprint=RES_0603
Change Physical Footprint: Designator=SW1 Old Footprint=3PIN_SPDT_TH_RA New Footprint=3PIN_SPDT_TH_RA
Change Physical Footprint: Designator=U1 Old Footprint=MP2672AGD New Footprint=MP2672AGD
Change Physical Footprint: Designator=U2 Old Footprint=FOD817A3SD New Footprint=FOD817A3SD
Change Physical Footprint: Designator=U3 Old Footprint=MP1653AGTF New Footprint=MP1653AGTF
Change Physical Footprint: Designator=U4 Old Footprint=MP1653AGTF New Footprint=MP1653AGTF
Change Physical Footprint: Designator=U5 Old Footprint=L78_D2PAK New Footprint=L78_D2PAK
Change Physical Footprint: Designator=ZD1 Old Footprint=1SMA5919 New Footprint=1SMA5919
