Removed Pin From Net: NetName=GND Pin=J4-1
Removed Pin From Net: NetName=GND Pin=J5-1
Removed Pin From Net: NetName=GND Pin=J5-2
Removed Pin From Net: NetName=GND Pin=J7-1
Removed Pin From Net: NetName=MP2672_VOUT Pin=J7-2
Removed Pin From Net: NetName=MP2672_VOUT Pin=J7-3
Removed Pin From Net: NetName=3V3 Pin=J7-5
Removed Pin From Net: NetName=3V3 Pin=J7-6
Removed Pin From Net: NetName=GND Pin=J11-1
Removed Pin From Net: NetName=MP2672_VOUT Pin=J11-2
Removed Pin From Net: NetName=MP2672_VOUT Pin=J11-3
Removed Pin From Net: NetName=3V3 Pin=J11-5
Removed Pin From Net: NetName=3V3 Pin=J11-6
Added Pin To Net: NetName=MP2672_VOUT Pin=J4-1
Added Pin To Net: NetName=MP2672_VOUT Pin=J5-1
Added Pin To Net: NetName=3V3 Pin=J7-1
Added Pin To Net: NetName=3V3 Pin=J7-2
Added Pin To Net: NetName=GND Pin=J7-3
Added Pin To Net: NetName=GND Pin=J7-5
Added Pin To Net: NetName=MP2672_VOUT Pin=J7-6
Added Pin To Net: NetName=3V3 Pin=J11-1
Added Pin To Net: NetName=3V3 Pin=J11-2
Added Pin To Net: NetName=GND Pin=J11-3
Added Pin To Net: NetName=GND Pin=J11-5
Added Pin To Net: NetName=MP2672_VOUT Pin=J11-6
Added Pin To Net: NetName=NetJ5_2 Pin=J5-2
Added Net: Name=NetJ5_2
Added Member To Class: ClassName=J4_Nets Member=Wire MP2672_VOUT
Added Member To Class: ClassName=J5_Nets Member=Wire MP2672_VOUT
Added Member To Class: ClassName=J5_Nets Member=Wire NetJ5_2
