Removed Pin From Net: NetName=MP2672_VOUT Pin=J4-1
Removed Pin From Net: NetName=MP2672_VOUT Pin=J5-1
Removed Member From Class: ClassName=J4_Nets Member=MP2672_VOUT
Removed Member From Class: ClassName=J5_Nets Member=MP2672_VOUT
Added Component: Designator=C?(CAPC1608X10N)
Add component (AddParameter): Name = "Manufacturer 1"; Value = ""; VariantName = "[No Variations]"
Add component (AddParameter): Name = "Manufacturer Part Number 1"; Value = ""; VariantName = "[No Variations]"
Add component (AddParameter): Name = "Package"; Value = "0805"; VariantName = "[No Variations]"
Add component (AddParameter): Name = "Value"; Value = "100nF"; VariantName = "[No Variations]"
Added Component: Designator=C?(CAPC1608X10N)
Add component (AddParameter): Name = "Manufacturer 1"; Value = ""; VariantName = "[No Variations]"
Add component (AddParameter): Name = "Manufacturer Part Number 1"; Value = ""; VariantName = "[No Variations]"
Add component (AddParameter): Name = "Package"; Value = "0805"; VariantName = "[No Variations]"
Add component (AddParameter): Name = "Value"; Value = "1uF"; VariantName = "[No Variations]"
Added Component: Designator=U?(L78_D2PAK)
Add component (AddParameter): Name = "Manufacturer 1"; Value = "STMicroelectronics"; VariantName = "[No Variations]"
Add component (AddParameter): Name = "Manufacturer Part Number 1"; Value = "L7805CD2T-TR"; VariantName = "[No Variations]"
Add component (AddParameter): Name = "Value"; Value = "5V0"; VariantName = "[No Variations]"
Added Pin To Net: NetName=MP2672_VOUT Pin=C?-1
Added Pin To Net: NetName=GND Pin=C?-2
Added Pin To Net: NetName=GND Pin=C?-2
Added Pin To Net: NetName=MP2672_VOUT Pin=U?-1
Added Pin To Net: NetName=GND Pin=U?-2
Added Pin To Net: NetName=5V0 Pin=C?-1
Added Pin To Net: NetName=5V0 Pin=J4-1
Added Pin To Net: NetName=5V0 Pin=J5-1
Added Pin To Net: NetName=5V0 Pin=U?-3
Added Net: Name=5V0
Added Class: Name=C?_Nets
Added Class: Name=U?_Nets
Added Member To Class: ClassName=POWER Member=Component C? MLCC_0805
Added Member To Class: ClassName=POWER Member=Component C? MLCC_0805
Added Member To Class: ClassName=POWER Member=Component U? L780X
Added Member To Class: ClassName=J4_Nets Member=Wire 5V0
Added Member To Class: ClassName=J5_Nets Member=Wire 5V0
Added Rule: Name=Schematic Supply Nets_8
