Removed Pin From Net: NetName=GND Pin=J1-3
Added Component: Designator=R5(RES_0603)
Add component (AddParameter): Name = "Manufacturer 1"; Value = ""; VariantName = "[No Variations]"
Add component (AddParameter): Name = "Manufacturer Part Number 1"; Value = ""; VariantName = "[No Variations]"
Add component (AddParameter): Name = "Package"; Value = "0603"; VariantName = "[No Variations]"
Add component (AddParameter): Name = "Value"; Value = "1k"; VariantName = "[No Variations]"
Added Component: Designator=R15(RES_0603)
Add component (AddParameter): Name = "Manufacturer 1"; Value = ""; VariantName = "[No Variations]"
Add component (AddParameter): Name = "Manufacturer Part Number 1"; Value = ""; VariantName = "[No Variations]"
Add component (AddParameter): Name = "Package"; Value = "0603"; VariantName = "[No Variations]"
Add component (AddParameter): Name = "Value"; Value = "220R"; VariantName = "[No Variations]"
Added Component: Designator=U2(FOD817A3SD)
Add component (AddParameter): Name = "Manufacturer"; Value = ""; VariantName = "[No Variations]"
Add component (AddParameter): Name = "Manufacturer Part Number 1"; Value = ""; VariantName = "[No Variations]"
Add component (AddParameter): Name = "Value"; Value = ""; VariantName = "[No Variations]"
Added Pin To Net: NetName=MP2672_VOUT Pin=R15-1
Added Pin To Net: NetName=GND Pin=U2-3
Added Pin To Net: NetName=3V3 Pin=R5-2
Added Net: Name=3V3
Added Pin To Net: NetName=ADAP_DET_HV Pin=U2-2
Added Net: Name=ADAP_DET_HV
Added Pin To Net: NetName=ADAP_DET_LV Pin=R5-1
Added Pin To Net: NetName=ADAP_DET_LV Pin=U2-4
Added Net: Name=ADAP_DET_LV
Added Pin To Net: NetName=ADAP_DET Pin=J1-3
Added Net: Name=ADAP_DET
Added Pin To Net: NetName=NetR15_2 Pin=R15-2
Added Pin To Net: NetName=NetR15_2 Pin=U2-1
Added Net: Name=NetR15_2
Added Class: Name=R5_Nets
Added Class: Name=R15_Nets
Added Class: Name=U2_Nets
Added Member To Class: ClassName=POWER Member=Component R5 ERP_101-1
Added Member To Class: ClassName=POWER Member=Component R15 ERP_101-1
Added Member To Class: ClassName=POWER Member=Component U2 FOD817A3SD
Added Member To Class: ClassName=J1_Nets Member=Wire ADAP_DET
Added Rule: Name=Schematic Supply Nets_3
