Removed Pin From Net: NetName=MP2672_VOUT Pin=C15-1
Removed Pin From Net: NetName=GND Pin=C15-2
Removed Pin From Net: NetName=MP2672_VOUT Pin=C17-1
Removed Pin From Net: NetName=GND Pin=C17-2
Removed Pin From Net: NetName=MP2672_VOUT Pin=C18-1
Removed Pin From Net: NetName=GND Pin=C18-2
Removed Pin From Net: NetName=MP2672_VOUT Pin=C19-1
Removed Pin From Net: NetName=GND Pin=C19-2
Removed Pin From Net: NetName=MP2672_VOUT Pin=C20-1
Removed Pin From Net: NetName=GND Pin=C20-2
Removed Pin From Net: NetName=3V8 Pin=C21-1
Removed Pin From Net: NetName=GND Pin=C21-2
Removed Pin From Net: NetName=3V8 Pin=C22-1
Removed Pin From Net: NetName=GND Pin=C22-2
Removed Pin From Net: NetName=3V8 Pin=C23-1
Removed Pin From Net: NetName=GND Pin=C23-2
Removed Pin From Net: NetName=3V8 Pin=C24-2
Removed Pin From Net: NetName=5V0 Pin=C25-1
Removed Pin From Net: NetName=GND Pin=C25-2
Removed Pin From Net: NetName=MP2672_VOUT Pin=C26-1
Removed Pin From Net: NetName=GND Pin=C26-2
Removed Pin From Net: NetName=MP2672_VOUT Pin=C27-1
Removed Pin From Net: NetName=GND Pin=C27-2
Removed Pin From Net: NetName=3V3 Pin=C28-1
Removed Pin From Net: NetName=GND Pin=C28-2
Removed Pin From Net: NetName=3V3 Pin=C29-1
Removed Pin From Net: NetName=GND Pin=C29-2
Removed Pin From Net: NetName=3V3 Pin=C30-1
Removed Pin From Net: NetName=GND Pin=C30-2
Removed Pin From Net: NetName=3V3 Pin=C31-2
Removed Pin From Net: NetName=3V8 Pin=D2-2
Removed Pin From Net: NetName=3V3 Pin=D3-2
Removed Pin From Net: NetName=5V0 Pin=D4-2
Removed Pin From Net: NetName=3V8 Pin=L2-2
Removed Pin From Net: NetName=3V3 Pin=L3-2
Removed Pin From Net: NetName=GND Pin=R16-1
Removed Pin From Net: NetName=MP2672_VOUT Pin=R18-2
Removed Pin From Net: NetName=3V8 Pin=R19-1
Removed Pin From Net: NetName=GND Pin=R21-1
Removed Pin From Net: NetName=MP2672_VOUT Pin=R23-2
Removed Pin From Net: NetName=GND Pin=R24-1
Removed Pin From Net: NetName=3V3 Pin=R25-1
Removed Pin From Net: NetName=GND Pin=R27-1
Removed Pin From Net: NetName=GND Pin=R28-1
Removed Pin From Net: NetName=MP2672_VOUT Pin=U3-1
Removed Pin From Net: NetName=GND Pin=U3-3
Removed Pin From Net: NetName=MP2672_VOUT Pin=U4-1
Removed Pin From Net: NetName=GND Pin=U4-3
Removed Pin From Net: NetName=MP2672_VOUT Pin=U5-1
Removed Pin From Net: NetName=GND Pin=U5-2
Removed Pin From Net: NetName=5V0 Pin=U5-3
Removed Pin From Net: NetName=5V0 Pin=ZD1-1
Removed Pin From Net: NetName=GND Pin=ZD1-2
Removed Member From Class: ClassName=POWER Member=C14
Removed Member From Class: ClassName=POWER Member=C15
Removed Member From Class: ClassName=POWER Member=C16
Removed Member From Class: ClassName=POWER Member=C17
Removed Member From Class: ClassName=POWER Member=C18
Removed Member From Class: ClassName=POWER Member=C19
Removed Member From Class: ClassName=POWER Member=C20
Removed Member From Class: ClassName=POWER Member=C21
Removed Member From Class: ClassName=POWER Member=C22
Removed Member From Class: ClassName=POWER Member=C23
Removed Member From Class: ClassName=POWER Member=C24
Removed Member From Class: ClassName=POWER Member=C25
Removed Member From Class: ClassName=POWER Member=C26
Removed Member From Class: ClassName=POWER Member=C27
Removed Member From Class: ClassName=POWER Member=C28
Removed Member From Class: ClassName=POWER Member=C29
Removed Member From Class: ClassName=POWER Member=C30
Removed Member From Class: ClassName=POWER Member=C31
Removed Member From Class: ClassName=POWER Member=D2
Removed Member From Class: ClassName=POWER Member=D3
Removed Member From Class: ClassName=POWER Member=D4
Removed Member From Class: ClassName=POWER Member=L2
Removed Member From Class: ClassName=POWER Member=L3
Removed Member From Class: ClassName=POWER Member=R16
Removed Member From Class: ClassName=POWER Member=R17
Removed Member From Class: ClassName=POWER Member=R18
Removed Member From Class: ClassName=POWER Member=R19
Removed Member From Class: ClassName=POWER Member=R20
Removed Member From Class: ClassName=POWER Member=R21
Removed Member From Class: ClassName=POWER Member=R22
Removed Member From Class: ClassName=POWER Member=R23
Removed Member From Class: ClassName=POWER Member=R24
Removed Member From Class: ClassName=POWER Member=R25
Removed Member From Class: ClassName=POWER Member=R26
Removed Member From Class: ClassName=POWER Member=R27
Removed Member From Class: ClassName=POWER Member=R28
Removed Member From Class: ClassName=POWER Member=U3
Removed Member From Class: ClassName=POWER Member=U4
Removed Member From Class: ClassName=POWER Member=U5
Removed Member From Class: ClassName=POWER Member=ZD1
