Removed Pin From Net: NetName=12V0 Pin=J4-1
Removed Pin From Net: NetName=12V0 Pin=J4-2
Removed Pin From Net: NetName=12V0 Pin=J4-3
Removed Pin From Net: NetName=GND Pin=J4-5
Removed Pin From Net: NetName=GND Pin=J4-6
Removed Pin From Net: NetName=3V7 Pin=J5-1
Removed Pin From Net: NetName=3V7 Pin=J5-2
Removed Pin From Net: NetName=3V7 Pin=J5-3
Removed Pin From Net: NetName=GND Pin=J5-5
Removed Pin From Net: NetName=GND Pin=J5-6
Added Pin To Net: NetName=GND Pin=J4-1
Added Pin To Net: NetName=GND Pin=J5-1
Change Net Name : Old Net Name=3V7 New Net Name=NetJ7_2
Change Net Name : Old Net Name=12V0 New Net Name=NetJ7_5
Added Pin To Net: NetName=3V7 Pin=J4-2
Added Pin To Net: NetName=3V7 Pin=J4-3
Added Pin To Net: NetName=3V7 Pin=J5-2
Added Pin To Net: NetName=3V7 Pin=J5-3
Added Net: Name=3V7
Added Pin To Net: NetName=12V0 Pin=J4-5
Added Pin To Net: NetName=12V0 Pin=J4-6
Added Pin To Net: NetName=12V0 Pin=J5-5
Added Pin To Net: NetName=12V0 Pin=J5-6
Added Net: Name=12V0
Change Class Name : Old Net Name=J7_Nets New Net Name=J5_Nets
Change Class Name : Old Net Name=J11_Nets New Net Name=J4_Nets
Added Class: Name=J7_Nets
Added Class: Name=J11_Nets
