Removed Pin From Net: NetName=5V0 Pin=J4-1
Removed Pin From Net: NetName=3V8 Pin=J4-5
Removed Pin From Net: NetName=3V8 Pin=J4-6
Removed Pin From Net: NetName=5V0 Pin=J5-1
Removed Pin From Net: NetName=3V8 Pin=J5-5
Removed Pin From Net: NetName=3V8 Pin=J5-6
Removed Pin From Net: NetName=GND Pin=J7-5
Removed Pin From Net: NetName=MP2672_VOUT Pin=J7-6
Removed Pin From Net: NetName=GND Pin=J11-5
Removed Pin From Net: NetName=MP2672_VOUT Pin=J11-6
Removed Member From Class: ClassName=J4_Nets Member=3V8
Removed Member From Class: ClassName=J5_Nets Member=3V8
Removed Member From Class: ClassName=J7_Nets Member=MP2672_VOUT
Removed Member From Class: ClassName=J11_Nets Member=MP2672_VOUT
Added Pin To Net: NetName=GND Pin=J4-1
Added Pin To Net: NetName=5V0 Pin=J4-5
Added Pin To Net: NetName=5V0 Pin=J4-6
Added Pin To Net: NetName=GND Pin=J5-1
Added Pin To Net: NetName=5V0 Pin=J5-5
Added Pin To Net: NetName=5V0 Pin=J5-6
Added Pin To Net: NetName=3V8 Pin=J7-5
Added Pin To Net: NetName=3V8 Pin=J7-6
Added Pin To Net: NetName=3V8 Pin=J11-5
Added Pin To Net: NetName=3V8 Pin=J11-6
Added Member To Class: ClassName=J7_Nets Member=Wire 3V8
Added Member To Class: ClassName=J11_Nets Member=Wire 3V8
