Added Component: Designator=C1(CAPC0603X03L)
Add component (AddParameter): Name = "ERP"; Value = ""; VariantName = "[No Variations]"
Add component (AddParameter): Name = "Manufacturer 1"; Value = ""; VariantName = "[No Variations]"
Add component (AddParameter): Name = "Manufacturer Part Number 1"; Value = ""; VariantName = "[No Variations]"
Add component (AddParameter): Name = "Package"; Value = "0201"; VariantName = "[No Variations]"
Add component (AddParameter): Name = "Value"; Value = "NA"; VariantName = "[No Variations]"
Added Component: Designator=C2(CAPC0603X03L)
Add component (AddParameter): Name = "ERP"; Value = ""; VariantName = "[No Variations]"
Add component (AddParameter): Name = "Manufacturer 1"; Value = ""; VariantName = "[No Variations]"
Add component (AddParameter): Name = "Manufacturer Part Number 1"; Value = ""; VariantName = "[No Variations]"
Add component (AddParameter): Name = "Package"; Value = "0201"; VariantName = "[No Variations]"
Add component (AddParameter): Name = "Value"; Value = "NA"; VariantName = "[No Variations]"
Added Component: Designator=C3(CAPC0603X03L)
Add component (AddParameter): Name = "ERP"; Value = ""; VariantName = "[No Variations]"
Add component (AddParameter): Name = "Manufacturer 1"; Value = ""; VariantName = "[No Variations]"
Add component (AddParameter): Name = "Manufacturer Part Number 1"; Value = ""; VariantName = "[No Variations]"
Add component (AddParameter): Name = "Package"; Value = "0201"; VariantName = "[No Variations]"
Add component (AddParameter): Name = "Value"; Value = "8pF"; VariantName = "[No Variations]"
Added Component: Designator=C4(CAPC0603X03L)
Add component (AddParameter): Name = "ERP"; Value = ""; VariantName = "[No Variations]"
Add component (AddParameter): Name = "Manufacturer 1"; Value = ""; VariantName = "[No Variations]"
Add component (AddParameter): Name = "Manufacturer Part Number 1"; Value = ""; VariantName = "[No Variations]"
Add component (AddParameter): Name = "Package"; Value = "0201"; VariantName = "[No Variations]"
Add component (AddParameter): Name = "Value"; Value = "8pF"; VariantName = "[No Variations]"
Added Component: Designator=C5(CAPC0603X03L)
Add component (AddParameter): Name = "ERP"; Value = ""; VariantName = "[No Variations]"
Add component (AddParameter): Name = "Manufacturer 1"; Value = ""; VariantName = "[No Variations]"
Add component (AddParameter): Name = "Manufacturer Part Number 1"; Value = ""; VariantName = "[No Variations]"
Add component (AddParameter): Name = "Package"; Value = "0201"; VariantName = "[No Variations]"
Add component (AddParameter): Name = "Value"; Value = "10n"; VariantName = "[No Variations]"
Added Component: Designator=C6(CAPC0603X03L)
Add component (AddParameter): Name = "ERP"; Value = ""; VariantName = "[No Variations]"
Add component (AddParameter): Name = "Manufacturer 1"; Value = ""; VariantName = "[No Variations]"
Add component (AddParameter): Name = "Manufacturer Part Number 1"; Value = ""; VariantName = "[No Variations]"
Add component (AddParameter): Name = "Package"; Value = "0201"; VariantName = "[No Variations]"
Add component (AddParameter): Name = "Value"; Value = "10n"; VariantName = "[No Variations]"
Added Component: Designator=C7(CAPC0603X03L)
Add component (AddParameter): Name = "ERP"; Value = ""; VariantName = "[No Variations]"
Add component (AddParameter): Name = "Manufacturer 1"; Value = ""; VariantName = "[No Variations]"
Add component (AddParameter): Name = "Manufacturer Part Number 1"; Value = ""; VariantName = "[No Variations]"
Add component (AddParameter): Name = "Package"; Value = "0201"; VariantName = "[No Variations]"
Add component (AddParameter): Name = "Value"; Value = "10n"; VariantName = "[No Variations]"
Added Component: Designator=C8(CAPC0603X03L)
Add component (AddParameter): Name = "ERP"; Value = ""; VariantName = "[No Variations]"
Add component (AddParameter): Name = "Manufacturer 1"; Value = ""; VariantName = "[No Variations]"
Add component (AddParameter): Name = "Manufacturer Part Number 1"; Value = ""; VariantName = "[No Variations]"
Add component (AddParameter): Name = "Package"; Value = "0201"; VariantName = "[No Variations]"
Add component (AddParameter): Name = "Value"; Value = "10n"; VariantName = "[No Variations]"
Added Component: Designator=C9(CAPC0603X03L)
Add component (AddParameter): Name = "ERP"; Value = ""; VariantName = "[No Variations]"
Add component (AddParameter): Name = "Manufacturer 1"; Value = ""; VariantName = "[No Variations]"
Add component (AddParameter): Name = "Manufacturer Part Number 1"; Value = ""; VariantName = "[No Variations]"
Add component (AddParameter): Name = "Package"; Value = "0201"; VariantName = "[No Variations]"
Add component (AddParameter): Name = "Value"; Value = "10n"; VariantName = "[No Variations]"
Added Component: Designator=C10(CAPC0603X03L)
Add component (AddParameter): Name = "ERP"; Value = ""; VariantName = "[No Variations]"
Add component (AddParameter): Name = "Manufacturer 1"; Value = ""; VariantName = "[No Variations]"
Add component (AddParameter): Name = "Manufacturer Part Number 1"; Value = ""; VariantName = "[No Variations]"
Add component (AddParameter): Name = "Package"; Value = "0201"; VariantName = "[No Variations]"
Add component (AddParameter): Name = "Value"; Value = "10n"; VariantName = "[No Variations]"
Added Component: Designator=C11(CAPC0603X03L)
Add component (AddParameter): Name = "ERP"; Value = ""; VariantName = "[No Variations]"
Add component (AddParameter): Name = "Manufacturer 1"; Value = ""; VariantName = "[No Variations]"
Add component (AddParameter): Name = "Manufacturer Part Number 1"; Value = ""; VariantName = "[No Variations]"
Add component (AddParameter): Name = "Package"; Value = "0201"; VariantName = "[No Variations]"
Add component (AddParameter): Name = "Value"; Value = "100n"; VariantName = "[No Variations]"
Added Component: Designator=C12(CAPC0603X03L)
Add component (AddParameter): Name = "ERP"; Value = ""; VariantName = "[No Variations]"
Add component (AddParameter): Name = "Manufacturer 1"; Value = ""; VariantName = "[No Variations]"
Add component (AddParameter): Name = "Manufacturer Part Number 1"; Value = ""; VariantName = "[No Variations]"
Add component (AddParameter): Name = "Package"; Value = "0201"; VariantName = "[No Variations]"
Add component (AddParameter): Name = "Value"; Value = "100n"; VariantName = "[No Variations]"
Added Component: Designator=C13(CAPC0603X03L)
Add component (AddParameter): Name = "ERP"; Value = ""; VariantName = "[No Variations]"
Add component (AddParameter): Name = "Manufacturer 1"; Value = ""; VariantName = "[No Variations]"
Add component (AddParameter): Name = "Manufacturer Part Number 1"; Value = ""; VariantName = "[No Variations]"
Add component (AddParameter): Name = "Package"; Value = "0201"; VariantName = "[No Variations]"
Add component (AddParameter): Name = "Value"; Value = "100n"; VariantName = "[No Variations]"
Added Component: Designator=C14(CAPC0603X03L)
Add component (AddParameter): Name = "ERP"; Value = ""; VariantName = "[No Variations]"
Add component (AddParameter): Name = "Manufacturer 1"; Value = ""; VariantName = "[No Variations]"
Add component (AddParameter): Name = "Manufacturer Part Number 1"; Value = ""; VariantName = "[No Variations]"
Add component (AddParameter): Name = "Package"; Value = "0201"; VariantName = "[No Variations]"
Add component (AddParameter): Name = "Value"; Value = "100n"; VariantName = "[No Variations]"
Added Component: Designator=FB1(INDC0603X03L)
Add component (AddParameter): Name = "ERP"; Value = ""; VariantName = "[No Variations]"
Add component (AddParameter): Name = "Manufacturer 1"; Value = ""; VariantName = "[No Variations]"
Add component (AddParameter): Name = "Manufacturer Part Number 1"; Value = ""; VariantName = "[No Variations]"
Add component (AddParameter): Name = "Package"; Value = "0201"; VariantName = "[No Variations]"
Add component (AddParameter): Name = "Value"; Value = "0R"; VariantName = "[No Variations]"
Added Component: Designator=J1(uFL_50R)
Add component (AddParameter): Name = "ERP"; Value = ""; VariantName = "[No Variations]"
Add component (AddParameter): Name = "Manufacturer 1"; Value = ""; VariantName = "[No Variations]"
Add component (AddParameter): Name = "Manufacturer Part Number 1"; Value = ""; VariantName = "[No Variations]"
Add component (AddParameter): Name = "Package"; Value = "UMCC"; VariantName = "[No Variations]"
Add component (AddParameter): Name = "Supplier 1"; Value = ""; VariantName = "[No Variations]"
Add component (AddParameter): Name = "Suuplier Part Number 1"; Value = ""; VariantName = "[No Variations]"
Add component (AddParameter): Name = "Value"; Value = ""; VariantName = "[No Variations]"
Added Component: Designator=L1(IND_0603)
Add component (AddParameter): Name = "ERP"; Value = ""; VariantName = "[No Variations]"
Add component (AddParameter): Name = "Manufacturer 1"; Value = ""; VariantName = "[No Variations]"
Add component (AddParameter): Name = "Manufacturer Part Number 1"; Value = ""; VariantName = "[No Variations]"
Add component (AddParameter): Name = "Package"; Value = "0603"; VariantName = "[No Variations]"
Add component (AddParameter): Name = "Supplier 1"; Value = ""; VariantName = "[No Variations]"
Add component (AddParameter): Name = "Suuplier Part Number 1"; Value = ""; VariantName = "[No Variations]"
Add component (AddParameter): Name = "Value"; Value = "0R"; VariantName = "[No Variations]"
Added Component: Designator=M1(EC200U)
Add component (AddParameter): Name = "Manufacturer 1"; Value = "Quectel"; VariantName = "[No Variations]"
Add component (AddParameter): Name = "Manufacturer Part Number 1"; Value = ""; VariantName = "[No Variations]"
Add component (AddParameter): Name = "Value"; Value = ""; VariantName = "[No Variations]"
Added Component: Designator=R1(RESC0603X03L)
Add component (AddParameter): Name = "ERP"; Value = ""; VariantName = "[No Variations]"
Add component (AddParameter): Name = "Manufacturer 1"; Value = ""; VariantName = "[No Variations]"
Add component (AddParameter): Name = "Manufacturer Part Number 1"; Value = ""; VariantName = "[No Variations]"
Add component (AddParameter): Name = "Package"; Value = "0201"; VariantName = "[No Variations]"
Add component (AddParameter): Name = "Value"; Value = "100k"; VariantName = "[No Variations]"
Added Component: Designator=R2(RESC0603X03L)
Add component (AddParameter): Name = "ERP"; Value = ""; VariantName = "[No Variations]"
Add component (AddParameter): Name = "Manufacturer 1"; Value = ""; VariantName = "[No Variations]"
Add component (AddParameter): Name = "Manufacturer Part Number 1"; Value = ""; VariantName = "[No Variations]"
Add component (AddParameter): Name = "Package"; Value = "0201"; VariantName = "[No Variations]"
Add component (AddParameter): Name = "Value"; Value = "33R"; VariantName = "[No Variations]"
Added Component: Designator=R3(RESC0603X03L)
Add component (AddParameter): Name = "ERP"; Value = ""; VariantName = "[No Variations]"
Add component (AddParameter): Name = "Manufacturer 1"; Value = ""; VariantName = "[No Variations]"
Add component (AddParameter): Name = "Manufacturer Part Number 1"; Value = ""; VariantName = "[No Variations]"
Add component (AddParameter): Name = "Package"; Value = "0201"; VariantName = "[No Variations]"
Add component (AddParameter): Name = "Value"; Value = "33R"; VariantName = "[No Variations]"
Added Component: Designator=R4(RESC0603X03L)
Add component (AddParameter): Name = "ERP"; Value = ""; VariantName = "[No Variations]"
Add component (AddParameter): Name = "Manufacturer 1"; Value = ""; VariantName = "[No Variations]"
Add component (AddParameter): Name = "Manufacturer Part Number 1"; Value = ""; VariantName = "[No Variations]"
Add component (AddParameter): Name = "Package"; Value = "0201"; VariantName = "[No Variations]"
Add component (AddParameter): Name = "Value"; Value = "0R"; VariantName = "[No Variations]"
Added Component: Designator=R5(RESC0603X03L)
Add component (AddParameter): Name = "ERP"; Value = ""; VariantName = "[No Variations]"
Add component (AddParameter): Name = "Manufacturer 1"; Value = ""; VariantName = "[No Variations]"
Add component (AddParameter): Name = "Manufacturer Part Number 1"; Value = ""; VariantName = "[No Variations]"
Add component (AddParameter): Name = "Package"; Value = "0201"; VariantName = "[No Variations]"
Add component (AddParameter): Name = "Value"; Value = "5M"; VariantName = "[No Variations]"
Added Component: Designator=R6(RESC0603X03L)
Add component (AddParameter): Name = "ERP"; Value = ""; VariantName = "[No Variations]"
Add component (AddParameter): Name = "Manufacturer 1"; Value = ""; VariantName = "[No Variations]"
Add component (AddParameter): Name = "Manufacturer Part Number 1"; Value = ""; VariantName = "[No Variations]"
Add component (AddParameter): Name = "Package"; Value = "0201"; VariantName = "[No Variations]"
Add component (AddParameter): Name = "Value"; Value = "0R"; VariantName = "[No Variations]"
Added Component: Designator=R7(RESC0603X03L)
Add component (AddParameter): Name = "ERP"; Value = ""; VariantName = "[No Variations]"
Add component (AddParameter): Name = "Manufacturer 1"; Value = ""; VariantName = "[No Variations]"
Add component (AddParameter): Name = "Manufacturer Part Number 1"; Value = ""; VariantName = "[No Variations]"
Add component (AddParameter): Name = "Package"; Value = "0201"; VariantName = "[No Variations]"
Add component (AddParameter): Name = "Value"; Value = "0R"; VariantName = "[No Variations]"
Added Component: Designator=R8(RESC0603X03L)
Add component (AddParameter): Name = "ERP"; Value = ""; VariantName = "[No Variations]"
Add component (AddParameter): Name = "Manufacturer 1"; Value = ""; VariantName = "[No Variations]"
Add component (AddParameter): Name = "Manufacturer Part Number 1"; Value = ""; VariantName = "[No Variations]"
Add component (AddParameter): Name = "Package"; Value = "0201"; VariantName = "[No Variations]"
Add component (AddParameter): Name = "Value"; Value = "0R"; VariantName = "[No Variations]"
Added Component: Designator=TP1(TP_0P8MM)
Added Component: Designator=TP2(TP_0P8MM)
Added Component: Designator=TP3(TP_0P8MM)
Added Component: Designator=TP4(TP_0P8MM)
Added Component: Designator=TP5(TP_0P8MM)
Added Component: Designator=TP6(TP_0P8MM)
Added Component: Designator=TP7(TP_0P8MM)
Added Component: Designator=TP8(TP_0P8MM)
Added Component: Designator=TP9(TP_0P8MM)
Added Component: Designator=TP10(TP_0P8MM)
Added Component: Designator=TP11(TP_0P8MM)
Added Component: Designator=TP12(TP_0P8MM)
Added Component: Designator=TP13(TP_0P8MM)
Added Component: Designator=TP14(TP_0P8MM)
Added Component: Designator=TP15(TP_0P8MM)
Added Component: Designator=TP16(TP_0P8MM)
Added Component: Designator=TP17(TP_0P8MM)
Added Component: Designator=TP18(TP_0P8MM)
Added Component: Designator=TP19(TP_0P8MM)
Added Component: Designator=TP20(TP_0P8MM)
Added Component: Designator=TP21(TP_0P8MM)
Added Component: Designator=TP22(TP_0P8MM)
Added Component: Designator=TP23(TP_0P8MM)
Added Component: Designator=TP24(TP_0P8MM)
Added Component: Designator=TP25(TP_0P8MM)
Added Component: Designator=TP26(TP_0P8MM)
Added Component: Designator=TP27(TP_0P8MM)
Added Component: Designator=TP28(TP_0P8MM)
Added Component: Designator=TP29(TP_0P8MM)
Added Component: Designator=TP30(TP_0P8MM)
Added Component: Designator=TP31(TP_0P8MM)
Added Component: Designator=TP32(TP_0P8MM)
Added Component: Designator=TP33(TP_0P8MM)
Added Component: Designator=TP34(TP_0P8MM)
Added Component: Designator=TP35(TP_0P8MM)
Added Component: Designator=TP36(TP_0P8MM)
Added Component: Designator=TP37(TP_0P8MM)
Added Component: Designator=TP38(TP_0P8MM)
Added Component: Designator=TP39(TP_0P8MM)
Added Component: Designator=TP40(TP_0P8MM)
Added Component: Designator=TP41(TP_0P8MM)
Added Component: Designator=TP42(TP_0P8MM)
Added Component: Designator=TP43(TP_0P8MM)
Added Component: Designator=TP44(TP_0P8MM)
Added Component: Designator=TP45(TP_0P8MM)
Added Component: Designator=TP46(TP_0P8MM)
Added Component: Designator=TP47(TP_0P8MM)
Added Component: Designator=TP48(TP_0P8MM)
Added Component: Designator=TP49(TP_0P8MM)
Added Component: Designator=TP50(TP_0P8MM)
Added Component: Designator=TP51(TP_0P8MM)
Added Component: Designator=TP52(TP_0P8MM)
Added Component: Designator=TP53(TP_0P8MM)
Added Component: Designator=TP54(TP_0P8MM)
Added Component: Designator=TP55(TP_0P8MM)
Added Component: Designator=TP56(TP_0P8MM)
Added Component: Designator=TP57(TP_0P8MM)
Added Component: Designator=TP58(TP_0P8MM)
Added Component: Designator=TP59(TP_0P8MM)
Added Component: Designator=TP60(TP_0P8MM)
Added Component: Designator=TP61(TP_0P8MM)
Added Component: Designator=TP62(TP_0P8MM)
Added Component: Designator=TP63(TP_0P8MM)
Added Component: Designator=TP64(TP_0P8MM)
Added Component: Designator=TP65(TP_0P8MM)
Added Component: Designator=TP66(TP_0P8MM)
Added Component: Designator=TP67(TP_0P8MM)
Added Component: Designator=TP68(TP_0P8MM)
Added Component: Designator=TP69(TP_0P8MM)
Added Component: Designator=TP70(TP_0P8MM)
Added Component: Designator=TP71(TP_0P8MM)
Added Component: Designator=TP72(TP_0P8MM)
Added Component: Designator=TP73(TP_0P8MM)
Added Component: Designator=TP74(TP_0P8MM)
Added Component: Designator=TP75(TP_0P8MM)
Added Component: Designator=TP76(TP_0P8MM)
Added Component: Designator=TP77(TP_0P8MM)
Added Component: Designator=TP78(TP_0P8MM)
Added Component: Designator=TP79(TP_0P8MM)
Added Component: Designator=TP80(TP_0P8MM)
Added Component: Designator=TP81(TP_0P8MM)
Added Component: Designator=TP82(TP_0P8MM)
Added Component: Designator=TP83(TP_0P8MM)
Added Component: Designator=TP84(TP_0P8MM)
Added Component: Designator=TP85(TP_0P8MM)
Added Component: Designator=TP86(TP_0P8MM)
Added Component: Designator=TP87(TP_0P8MM)
Added Component: Designator=TP88(TP_0P8MM)
Added Component: Designator=TP89(TP_0P8MM)
Added Component: Designator=TP90(TP_0P8MM)
Added Component: Designator=TP91(TP_0P8MM)
Added Component: Designator=TP92(TP_0P8MM)
Added Component: Designator=TP93(TP_0P8MM)
Added Component: Designator=TP94(TP_0P8MM)
Added Component: Designator=TP95(TP_0P8MM)
Added Component: Designator=TP96(TP_0P8MM)
Added Component: Designator=TP97(TP_0P8MM)
Added Component: Designator=TP98(TP_0P8MM)
Added Component: Designator=TP99(TP_0P8MM)
Added Component: Designator=TP100(TP_0P8MM)
Added Component: Designator=TP101(TP_0P8MM)
Added Component: Designator=TP102(TP_0P8MM)
Added Component: Designator=TP103(TP_0P8MM)
Added Component: Designator=TP104(TP_0P8MM)
Added Component: Designator=TP105(TP_0P8MM)
Added Component: Designator=TP106(TP_0P8MM)
Added Component: Designator=TP107(TP_0P8MM)
Added Component: Designator=TP108(TP_0P8MM)
Added Component: Designator=TP109(TP_0P8MM)
Added Component: Designator=TP110(TP_0P8MM)
Added Component: Designator=TP111(TP_0P8MM)
Added Component: Designator=TP112(TP_0P8MM)
Added Component: Designator=TP113(TP_0P8MM)
Added Component: Designator=TP114(TP_0P8MM)
Added Component: Designator=TP115(TP_0P8MM)
Added Component: Designator=TP116(TP_0P8MM)
Added Component: Designator=TP117(TP_0P8MM)
Added Component: Designator=TP118(TP_0P8MM)
Added Component: Designator=TP119(TP_0P8MM)
Added Component: Designator=TP120(TP_0P8MM)
Added Component: Designator=TP121(TP_0P8MM)
Added Component: Designator=TP122(TP_0P8MM)
Added Component: Designator=TP123(TP_0P8MM)
Added Component: Designator=TP124(TP_0P8MM)
Added Component: Designator=TP125(TP_0P8MM)
Added Component: Designator=TP126(TP_0P8MM)
Added Component: Designator=TP127(TP_0P8MM)
Added Component: Designator=TP128(TP_0P8MM)
Added Component: Designator=TP129(TP_0P8MM)
Added Component: Designator=TP130(TP_0P8MM)
Added Component: Designator=TP131(TP_0P8MM)
Added Component: Designator=TP132(TP_0P8MM)
Added Component: Designator=TP133(TP_0P8MM)
Added Component: Designator=TP134(TP_0P8MM)
Added Component: Designator=TP135(TP_0P8MM)
Added Component: Designator=TP136(TP_0P8MM)
Added Component: Designator=TP137(TP_0P8MM)
Added Component: Designator=TP138(TP_0P8MM)
Added Component: Designator=TP139(TP_0P8MM)
Added Component: Designator=TP140(TP_0P8MM)
Added Component: Designator=TP141(TP_0P8MM)
Added Component: Designator=TP142(TP_0P8MM)
Added Component: Designator=TP143(TP_0P8MM)
Added Component: Designator=TP144(TP_0P8MM)
Added Component: Designator=TP145(TP_0P8MM)
Added Component: Designator=TP146(TP_0P8MM)
Added Component: Designator=TP147(TP_0P8MM)
Added Component: Designator=TP148(TP_0P8MM)
Added Component: Designator=TP149(TP_0P8MM)
Added Component: Designator=TP150(TP_0P8MM)
Added Component: Designator=TP151(TP_0P8MM)
Added Component: Designator=TP152(TP_0P8MM)
Added Component: Designator=TP153(TP_0P8MM)
Added Component: Designator=TP154(TP_0P8MM)
Added Component: Designator=TP155(TP_0P8MM)
Added Component: Designator=TP156(TP_0P8MM)
Added Component: Designator=TP157(TP_0P8MM)
Added Component: Designator=TP158(TP_0P8MM)
Added Component: Designator=TP159(TP_0P8MM)
Added Component: Designator=TP160(TP_0P8MM)
Added Component: Designator=TP161(TP_0P8MM)
Added Component: Designator=TP162(TP_0P8MM)
Added Component: Designator=TP163(TP_0P8MM)
Added Component: Designator=TP164(TP_0P8MM)
Added Component: Designator=TP165(TP_0P8MM)
Added Component: Designator=TP166(TP_0P8MM)
Added Component: Designator=TP167(TP_0P8MM)
Added Component: Designator=TP168(TP_0P8MM)
Added Component: Designator=TP169(TP_0P8MM)
Added Component: Designator=TP170(TP_0P8MM)
Added Component: Designator=TP171(TP_0P8MM)
Added Component: Designator=TP172(TP_0P8MM)
Added Component: Designator=TP173(TP_0P8MM)
Added Component: Designator=TP174(TP_0P8MM)
Added Component: Designator=TP175(TP_0P8MM)
Added Component: Designator=TP176(TP_0P8MM)
Added Component: Designator=TP177(TP_0P8MM)
Added Component: Designator=TP178(TP_0P8MM)
Added Component: Designator=TP179(TP_0P8MM)
Added Component: Designator=TP180(TP_0P8MM)
Added Component: Designator=TP181(TP_0P8MM)
Added Component: Designator=TP182(TP_0P8MM)
Added Component: Designator=TP183(TP_0P8MM)
Added Component: Designator=TP184(TP_0P8MM)
Added Component: Designator=TP185(TP_0P8MM)
Added Component: Designator=TP186(TP_0P8MM)
Added Component: Designator=TP187(TP_0P8MM)
Added Component: Designator=TP188(TP_0P8MM)
Added Component: Designator=TP189(TP_0P8MM)
Added Component: Designator=TP190(TP_0P8MM)
Added Component: Designator=TP191(TP_0P8MM)
Added Component: Designator=TP192(TP_0P8MM)
Added Component: Designator=TP193(TP_0P8MM)
Added Component: Designator=TP194(TP_0P8MM)
Added Component: Designator=TP195(TP_0P8MM)
Added Component: Designator=TP196(TP_0P8MM)
Added Component: Designator=TP197(TP_0P8MM)
Added Component: Designator=TP198(TP_0P8MM)
Added Component: Designator=TP199(TP_0P8MM)
Added Component: Designator=TP200(TP_0P8MM)
Added Component: Designator=TP201(TP_0P8MM)
Added Component: Designator=TP202(TP_0P8MM)
Added Component: Designator=TP203(TP_0P8MM)
Added Component: Designator=TP204(TP_0P8MM)
Added Component: Designator=TP205(TP_0P8MM)
Added Component: Designator=TP206(TP_0P8MM)
Added Component: Designator=TP207(TP_0P8MM)
Added Component: Designator=TP208(TP_0P8MM)
Added Component: Designator=TP209(TP_0P8MM)
Added Component: Designator=TP210(TP_0P8MM)
Added Component: Designator=TP211(TP_0P8MM)
Added Component: Designator=TP212(TP_0P8MM)
Added Component: Designator=TP213(TP_0P8MM)
Added Component: Designator=TP214(TP_0P8MM)
Added Component: Designator=TP215(TP_0P8MM)
Added Component: Designator=TP216(TP_0P8MM)
Added Component: Designator=TP217(TP_0P8MM)
Added Component: Designator=TP218(TP_0P8MM)
Added Component: Designator=TP219(TP_0P8MM)
Added Component: Designator=TP220(TP_0P8MM)
Added Component: Designator=TP221(TP_0P8MM)
Added Component: Designator=TP222(TP_0P8MM)
Added Component: Designator=TP223(TP_0P8MM)
Added Component: Designator=TP224(TP_0P8MM)
Added Component: Designator=TP225(TP_0P8MM)
Added Component: Designator=TP226(TP_0P8MM)
Added Component: Designator=TP227(TP_0P8MM)
Added Component: Designator=TP228(TP_0P8MM)
Added Component: Designator=TP229(TP_0P8MM)
Added Component: Designator=TP230(TP_0P8MM)
Added Component: Designator=TP231(TP_0P8MM)
Added Component: Designator=TP232(TP_0P8MM)
Added Component: Designator=TP233(TP_0P8MM)
Added Component: Designator=TP234(TP_0P8MM)
Added Component: Designator=TP235(TP_0P8MM)
Added Component: Designator=TP236(TP_0P8MM)
Added Component: Designator=TP237(TP_0P8MM)
Added Component: Designator=TP238(TP_0P8MM)
Added Component: Designator=TP239(TP_0P8MM)
Added Component: Designator=TP240(TP_0P8MM)
Added Component: Designator=TP241(TP_0P8MM)
Added Component: Designator=TP242(TP_0P8MM)
Added Component: Designator=TP243(TP_0P8MM)
Added Component: Designator=TP244(TP_0P8MM)
Added Component: Designator=TP245(TP_0P8MM)
Added Component: Designator=TP246(TP_0P8MM)
Added Component: Designator=TP247(TP_0P8MM)
Added Component: Designator=TP248(TP_0P8MM)
Added Component: Designator=TP249(TP_0P8MM)
Added Component: Designator=TP250(TP_0P8MM)
Added Component: Designator=TP251(TP_0P8MM)
Added Component: Designator=TP252(TP_0P8MM)
Added Component: Designator=TP253(TP_0P8MM)
Added Component: Designator=TP254(TP_0P8MM)
Added Component: Designator=TP255(TP_0P8MM)
Added Component: Designator=TP256(TP_0P8MM)
Added Component: Designator=TP257(TP_0P8MM)
Added Component: Designator=TP258(TP_0P8MM)
Added Component: Designator=TP259(TP_0P8MM)
Added Component: Designator=TP260(TP_0P8MM)
Added Component: Designator=TP261(TP_0P8MM)
Added Component: Designator=TP262(TP_0P8MM)
Added Component: Designator=TP263(TP_0P8MM)
Added Component: Designator=TP264(TP_0P8MM)
Added Component: Designator=TP265(TP_0P8MM)
Added Component: Designator=TP266(TP_0P8MM)
Added Component: Designator=TP267(TP_0P8MM)
Added Component: Designator=TP268(TP_0P8MM)
Added Component: Designator=TP269(TP_0P8MM)
Added Component: Designator=TP270(TP_0P8MM)
Added Component: Designator=TP271(TP_0P8MM)
Added Component: Designator=TP272(TP_0P8MM)
Added Component: Designator=TP273(TP_0P8MM)
Added Component: Designator=TP274(TP_0P8MM)
Added Component: Designator=TP275(TP_0P8MM)
Added Component: Designator=TP276(TP_0P8MM)
Added Component: Designator=TP277(TP_0P8MM)
Added Component: Designator=TP278(TP_0P8MM)
Added Component: Designator=TP279(TP_0P8MM)
Added Component: Designator=TP280(TP_0P8MM)
Added Component: Designator=TP281(TP_0P8MM)
Added Component: Designator=TP282(TP_0P8MM)
Added Component: Designator=TP283(TP_0P8MM)
Added Component: Designator=TP284(TP_0P8MM)
Added Component: Designator=TP285(TP_0P8MM)
Added Component: Designator=TP286(TP_0P8MM)
Added Component: Designator=TP287(TP_0P8MM)
Added Component: Designator=TP288(TP_0P8MM)
Added Component: Designator=TP289(TP_0P8MM)
Added Component: Designator=TP290(TP_0P8MM)
Added Component: Designator=TP291(TP_0P8MM)
Added Component: Designator=TP292(TP_0P8MM)
Added Component: Designator=TP293(TP_0P8MM)
Added Component: Designator=TP294(TP_0P8MM)
Added Component: Designator=TP295(TP_0P8MM)
Added Component: Designator=TP296(TP_0P8MM)
Added Component: Designator=TP297(TP_0P8MM)
Added Component: Designator=TP298(TP_0P8MM)
Added Component: Designator=TP299(TP_0P8MM)
Added Component: Designator=TP300(TP_0P8MM)
Added Component: Designator=TP301(TP_0P8MM)
Added Component: Designator=TP302(TP_0P8MM)
Added Component: Designator=TP303(TP_0P8MM)
Added Component: Designator=TP304(TP_0P8MM)
Added Component: Designator=TP305(TP_0P8MM)
Added Component: Designator=TP306(TP_0P8MM)
Added Component: Designator=TP307(TP_0P8MM)
Added Component: Designator=TP308(TP_0P8MM)
Added Component: Designator=TP309(TP_0P8MM)
Added Component: Designator=TP310(TP_0P8MM)
Added Component: Designator=TP311(TP_0P8MM)
Added Component: Designator=TP312(TP_0P8MM)
Added Component: Designator=TP313(TP_0P8MM)
Added Component: Designator=TP314(TP_0P8MM)
Added Component: Designator=TP315(TP_0P8MM)
Added Component: Designator=TP316(TP_0P8MM)
Added Component: Designator=TP317(TP_0P8MM)
Added Component: Designator=TP318(TP_0P8MM)
Added Component: Designator=TP319(TP_0P8MM)
Added Component: Designator=TP320(TP_0P8MM)
Added Component: Designator=TP321(TP_0P8MM)
Added Component: Designator=TP322(TP_0P8MM)
Added Component: Designator=TP323(TP_0P8MM)
Added Component: Designator=TP324(TP_0P8MM)
Added Component: Designator=TP325(TP_0P8MM)
Added Component: Designator=TP326(TP_0P8MM)
Added Component: Designator=TP327(TP_0P8MM)
Added Component: Designator=TP328(TP_0P8MM)
Added Component: Designator=TP329(TP_0P8MM)
Added Component: Designator=TP330(TP_0P8MM)
Added Component: Designator=TP331(TP_0P8MM)
Added Component: Designator=TP334(TP_0P8MM)
Added Component: Designator=U1(APX803L)
Add component (AddParameter): Name = "Manufacturer 1"; Value = "Diodes Incorporated"; VariantName = "[No Variations]"
Add component (AddParameter): Name = "Manufacturer Part Number 1"; Value = "APX803L20-33SA-7"; VariantName = "[No Variations]"
Add component (AddParameter): Name = "Value"; Value = "APX803L"; VariantName = "[No Variations]"
Added Component: Designator=U2(QFN40P700X700X106_HS-57N)
Add component (AddParameter): Name = "ERP"; Value = ""; VariantName = "[No Variations]"
Add component (AddParameter): Name = "Manufacturer 1"; Value = "Espressif Systems"; VariantName = "[No Variations]"
Add component (AddParameter): Name = "Manufacturer Part Number 1"; Value = ""; VariantName = "[No Variations]"
Add component (AddParameter): Name = "Package"; Value = "56-TFQFN"; VariantName = "[No Variations]"
Add component (AddParameter): Name = "Value"; Value = "ESP32-S3-PICO-1"; VariantName = "[No Variations]"
Added Component: Designator=X1(CRYS_L1.6_W1)
Add component (AddParameter): Name = "ERP"; Value = ""; VariantName = "[No Variations]"
Add component (AddParameter): Name = "Manufacturer 1"; Value = "ECS Inc."; VariantName = "[No Variations]"
Add component (AddParameter): Name = "Manufacturer Part Number 1"; Value = "ECS-.327-6-16R-TR"; VariantName = "[No Variations]"
Add component (AddParameter): Name = "Package"; Value = "1P6_1P0"; VariantName = "[No Variations]"
Add component (AddParameter): Name = "Value"; Value = "32.768Khz"; VariantName = "[No Variations]"
Added Pin To Net: NetName=LNA_IN Pin=C1-1
Added Pin To Net: NetName=GND Pin=C1-2
Added Pin To Net: NetName=NetC2_1 Pin=C2-1
Added Pin To Net: NetName=GND Pin=C2-2
Added Pin To Net: NetName=NetC3_1 Pin=C3-1
Added Pin To Net: NetName=GND Pin=C3-2
Added Pin To Net: NetName=NetC4_1 Pin=C4-1
Added Pin To Net: NetName=GND Pin=C4-2
Added Pin To Net: NetName=3V3_ESP Pin=C5-1
Added Pin To Net: NetName=GND Pin=C5-2
Added Pin To Net: NetName=3V3_ESP Pin=C6-1
Added Pin To Net: NetName=GND Pin=C6-2
Added Pin To Net: NetName=3V3_ESP Pin=C7-1
Added Pin To Net: NetName=GND Pin=C7-2
Added Pin To Net: NetName=3V3_ESP Pin=C8-1
Added Pin To Net: NetName=GND Pin=C8-2
Added Pin To Net: NetName=3V3A_ESP Pin=C9-1
Added Pin To Net: NetName=GND Pin=C9-2
Added Pin To Net: NetName=RTC_PWR Pin=C10-1
Added Pin To Net: NetName=GND Pin=C10-2
Added Pin To Net: NetName=RTC_PWR Pin=C11-1
Added Pin To Net: NetName=GND Pin=C11-2
Added Pin To Net: NetName=3V3_ESP Pin=C12-1
Added Pin To Net: NetName=GND Pin=C12-2
Added Pin To Net: NetName=3V3_ESP Pin=C13-1
Added Pin To Net: NetName=GND Pin=C13-2
Added Pin To Net: NetName=3V3_ESP Pin=C14-1
Added Pin To Net: NetName=GND Pin=C14-2
Added Pin To Net: NetName=3V3_ESP Pin=FB1-1
Added Pin To Net: NetName=3V3A_ESP Pin=FB1-2
Added Pin To Net: NetName=NetC2_1 Pin=J1-1
Added Pin To Net: NetName=GND Pin=J1-2
Added Pin To Net: NetName=GND Pin=J1-3
Added Pin To Net: NetName=LNA_IN Pin=L1-1
Added Pin To Net: NetName=NetC2_1 Pin=L1-2
Added Pin To Net: NetName=NetM1_1 Pin=M1-1
Added Pin To Net: NetName=NetM1_2 Pin=M1-2
Added Pin To Net: NetName=NetM1_3 Pin=M1-3
Added Pin To Net: NetName=NetM1_4 Pin=M1-4
Added Pin To Net: NetName=NetM1_5 Pin=M1-5
Added Pin To Net: NetName=NetM1_6 Pin=M1-6
Added Pin To Net: NetName=NetM1_7 Pin=M1-7
Added Pin To Net: NetName=NetM1_8 Pin=M1-8
Added Pin To Net: NetName=NetM1_9 Pin=M1-9
Added Pin To Net: NetName=NetM1_10 Pin=M1-10
Added Pin To Net: NetName=NetM1_11 Pin=M1-11
Added Pin To Net: NetName=NetM1_12 Pin=M1-12
Added Pin To Net: NetName=NetM1_13 Pin=M1-13
Added Pin To Net: NetName=NetM1_14 Pin=M1-14
Added Pin To Net: NetName=NetM1_15 Pin=M1-15
Added Pin To Net: NetName=NetM1_16 Pin=M1-16
Added Pin To Net: NetName=NetM1_17 Pin=M1-17
Added Pin To Net: NetName=NetM1_18 Pin=M1-18
Added Pin To Net: NetName=NetM1_19 Pin=M1-19
Added Pin To Net: NetName=NetM1_20 Pin=M1-20
Added Pin To Net: NetName=NetM1_21 Pin=M1-21
Added Pin To Net: NetName=NetM1_22 Pin=M1-22
Added Pin To Net: NetName=NetM1_23 Pin=M1-23
Added Pin To Net: NetName=NetM1_24 Pin=M1-24
Added Pin To Net: NetName=NetM1_25 Pin=M1-25
Added Pin To Net: NetName=NetM1_26 Pin=M1-26
Added Pin To Net: NetName=NetM1_27 Pin=M1-27
Added Pin To Net: NetName=NetM1_28 Pin=M1-28
Added Pin To Net: NetName=NetM1_29 Pin=M1-29
Added Pin To Net: NetName=NetM1_30 Pin=M1-30
Added Pin To Net: NetName=NetM1_31 Pin=M1-31
Added Pin To Net: NetName=NetM1_32 Pin=M1-32
Added Pin To Net: NetName=NetM1_33 Pin=M1-33
Added Pin To Net: NetName=NetM1_34 Pin=M1-34
Added Pin To Net: NetName=NetM1_35 Pin=M1-35
Added Pin To Net: NetName=NetM1_36 Pin=M1-36
Added Pin To Net: NetName=NetM1_37 Pin=M1-37
Added Pin To Net: NetName=NetM1_38 Pin=M1-38
Added Pin To Net: NetName=NetM1_39 Pin=M1-39
Added Pin To Net: NetName=NetM1_40 Pin=M1-40
Added Pin To Net: NetName=NetM1_41 Pin=M1-41
Added Pin To Net: NetName=NetM1_42 Pin=M1-42
Added Pin To Net: NetName=NetM1_43 Pin=M1-43
Added Pin To Net: NetName=NetM1_44 Pin=M1-44
Added Pin To Net: NetName=NetM1_45 Pin=M1-45
Added Pin To Net: NetName=NetM1_46 Pin=M1-46
Added Pin To Net: NetName=NetM1_47 Pin=M1-47
Added Pin To Net: NetName=NetM1_48 Pin=M1-48
Added Pin To Net: NetName=NetM1_49 Pin=M1-49
Added Pin To Net: NetName=NetM1_50 Pin=M1-50
Added Pin To Net: NetName=NetM1_51 Pin=M1-51
Added Pin To Net: NetName=NetM1_52 Pin=M1-52
Added Pin To Net: NetName=NetM1_53 Pin=M1-53
Added Pin To Net: NetName=NetM1_54 Pin=M1-54
Added Pin To Net: NetName=NetM1_55 Pin=M1-55
Added Pin To Net: NetName=NetM1_56 Pin=M1-56
Added Pin To Net: NetName=NetM1_57 Pin=M1-57
Added Pin To Net: NetName=NetM1_58 Pin=M1-58
Added Pin To Net: NetName=NetM1_59 Pin=M1-59
Added Pin To Net: NetName=NetM1_60 Pin=M1-60
Added Pin To Net: NetName=NetM1_61 Pin=M1-61
Added Pin To Net: NetName=NetM1_62 Pin=M1-62
Added Pin To Net: NetName=NetM1_63 Pin=M1-63
Added Pin To Net: NetName=NetM1_64 Pin=M1-64
Added Pin To Net: NetName=NetM1_65 Pin=M1-65
Added Pin To Net: NetName=NetM1_66 Pin=M1-66
Added Pin To Net: NetName=NetM1_67 Pin=M1-67
Added Pin To Net: NetName=NetM1_68 Pin=M1-68
Added Pin To Net: NetName=NetM1_69 Pin=M1-69
Added Pin To Net: NetName=NetM1_70 Pin=M1-70
Added Pin To Net: NetName=NetM1_71 Pin=M1-71
Added Pin To Net: NetName=NetM1_72 Pin=M1-72
Added Pin To Net: NetName=NetM1_73 Pin=M1-73
Added Pin To Net: NetName=NetM1_74 Pin=M1-74
Added Pin To Net: NetName=NetM1_75 Pin=M1-75
Added Pin To Net: NetName=NetM1_76 Pin=M1-76
Added Pin To Net: NetName=NetM1_77 Pin=M1-77
Added Pin To Net: NetName=NetM1_78 Pin=M1-78
Added Pin To Net: NetName=NetM1_79 Pin=M1-79
Added Pin To Net: NetName=NetM1_80 Pin=M1-80
Added Pin To Net: NetName=NetM1_81 Pin=M1-81
Added Pin To Net: NetName=NetM1_82 Pin=M1-82
Added Pin To Net: NetName=NetM1_83 Pin=M1-83
Added Pin To Net: NetName=NetM1_84 Pin=M1-84
Added Pin To Net: NetName=NetM1_85 Pin=M1-85
Added Pin To Net: NetName=NetM1_86 Pin=M1-86
Added Pin To Net: NetName=NetM1_87 Pin=M1-87
Added Pin To Net: NetName=NetM1_88 Pin=M1-88
Added Pin To Net: NetName=NetM1_89 Pin=M1-89
Added Pin To Net: NetName=NetM1_90 Pin=M1-90
Added Pin To Net: NetName=NetM1_91 Pin=M1-91
Added Pin To Net: NetName=NetM1_92 Pin=M1-92
Added Pin To Net: NetName=NetM1_93 Pin=M1-93
Added Pin To Net: NetName=NetM1_94 Pin=M1-94
Added Pin To Net: NetName=NetM1_95 Pin=M1-95
Added Pin To Net: NetName=NetM1_96 Pin=M1-96
Added Pin To Net: NetName=NetM1_97 Pin=M1-97
Added Pin To Net: NetName=NetM1_98 Pin=M1-98
Added Pin To Net: NetName=NetM1_99 Pin=M1-99
Added Pin To Net: NetName=NetM1_100 Pin=M1-100
Added Pin To Net: NetName=NetM1_101 Pin=M1-101
Added Pin To Net: NetName=NetM1_102 Pin=M1-102
Added Pin To Net: NetName=NetM1_103 Pin=M1-103
Added Pin To Net: NetName=NetM1_104 Pin=M1-104
Added Pin To Net: NetName=NetM1_105 Pin=M1-105
Added Pin To Net: NetName=NetM1_106 Pin=M1-106
Added Pin To Net: NetName=NetM1_107 Pin=M1-107
Added Pin To Net: NetName=NetM1_108 Pin=M1-108
Added Pin To Net: NetName=NetM1_109 Pin=M1-109
Added Pin To Net: NetName=NetM1_110 Pin=M1-110
Added Pin To Net: NetName=NetM1_111 Pin=M1-111
Added Pin To Net: NetName=NetM1_112 Pin=M1-112
Added Pin To Net: NetName=NetM1_113 Pin=M1-113
Added Pin To Net: NetName=NetM1_114 Pin=M1-114
Added Pin To Net: NetName=NetM1_115 Pin=M1-115
Added Pin To Net: NetName=NetM1_116 Pin=M1-116
Added Pin To Net: NetName=NetM1_117 Pin=M1-117
Added Pin To Net: NetName=NetM1_118 Pin=M1-118
Added Pin To Net: NetName=NetM1_119 Pin=M1-119
Added Pin To Net: NetName=NetM1_120 Pin=M1-120
Added Pin To Net: NetName=NetM1_121 Pin=M1-121
Added Pin To Net: NetName=NetM1_122 Pin=M1-122
Added Pin To Net: NetName=NetM1_123 Pin=M1-123
Added Pin To Net: NetName=NetM1_124 Pin=M1-124
Added Pin To Net: NetName=NetM1_125 Pin=M1-125
Added Pin To Net: NetName=NetM1_126 Pin=M1-126
Added Pin To Net: NetName=NetM1_127 Pin=M1-127
Added Pin To Net: NetName=NetM1_128 Pin=M1-128
Added Pin To Net: NetName=NetM1_129 Pin=M1-129
Added Pin To Net: NetName=NetM1_130 Pin=M1-130
Added Pin To Net: NetName=NetM1_131 Pin=M1-131
Added Pin To Net: NetName=NetM1_132 Pin=M1-132
Added Pin To Net: NetName=NetM1_133 Pin=M1-133
Added Pin To Net: NetName=NetM1_134 Pin=M1-134
Added Pin To Net: NetName=NetM1_135 Pin=M1-135
Added Pin To Net: NetName=NetM1_136 Pin=M1-136
Added Pin To Net: NetName=NetM1_137 Pin=M1-137
Added Pin To Net: NetName=NetM1_138 Pin=M1-138
Added Pin To Net: NetName=NetM1_139 Pin=M1-139
Added Pin To Net: NetName=NetM1_140 Pin=M1-140
Added Pin To Net: NetName=NetM1_141 Pin=M1-141
Added Pin To Net: NetName=NetM1_142 Pin=M1-142
Added Pin To Net: NetName=NetM1_143 Pin=M1-143
Added Pin To Net: NetName=NetM1_144 Pin=M1-144
Added Pin To Net: NetName=EN Pin=R1-1
Added Pin To Net: NetName=3V3_ESP Pin=R1-2
Added Pin To Net: NetName=UART_CON_RX Pin=R2-1
Added Pin To Net: NetName=U0RXD Pin=R2-2
Added Pin To Net: NetName=UART_CON_TX Pin=R3-1
Added Pin To Net: NetName=U0TXD Pin=R3-2
Added Pin To Net: NetName=NetC3_1 Pin=R4-1
Added Pin To Net: NetName=X32_N Pin=R4-2
Added Pin To Net: NetName=NetC4_1 Pin=R5-1
Added Pin To Net: NetName=NetC3_1 Pin=R5-2
Added Pin To Net: NetName=X32_P Pin=R6-1
Added Pin To Net: NetName=NetC4_1 Pin=R6-2
Added Pin To Net: NetName=IO19 Pin=R7-1
Added Pin To Net: NetName=USB_N Pin=R7-2
Added Pin To Net: NetName=IO20 Pin=R8-1
Added Pin To Net: NetName=USB_P Pin=R8-2
Added Pin To Net: NetName=GND Pin=TP1-1
Added Pin To Net: NetName=GND Pin=TP2-1
Added Pin To Net: NetName=VCC_IN_5V Pin=TP3-1
Added Pin To Net: NetName=GND Pin=TP4-1
Added Pin To Net: NetName=GND Pin=TP5-1
Added Pin To Net: NetName=VCC_IN_5V Pin=TP6-1
Added Pin To Net: NetName=GND Pin=TP7-1
Added Pin To Net: NetName=GND Pin=TP8-1
Added Pin To Net: NetName=VCC_IN_5V Pin=TP9-1
Added Pin To Net: NetName=GND Pin=TP10-1
Added Pin To Net: NetName=GND Pin=TP11-1
Added Pin To Net: NetName=VCC_IN_5V Pin=TP12-1
Added Pin To Net: NetName=GND Pin=TP13-1
Added Pin To Net: NetName=GND Pin=TP14-1
Added Pin To Net: NetName=VCC_IN_5V Pin=TP15-1
Added Pin To Net: NetName=GND Pin=TP16-1
Added Pin To Net: NetName=GND Pin=TP17-1
Added Pin To Net: NetName=RTC_PWR Pin=TP18-1
Added Pin To Net: NetName=GND Pin=TP19-1
Added Pin To Net: NetName=GND Pin=TP20-1
Added Pin To Net: NetName=VCC_2_TEST Pin=TP21-1
Added Pin To Net: NetName=GND Pin=TP22-1
Added Pin To Net: NetName=GND Pin=TP23-1
Added Pin To Net: NetName=VBATT Pin=TP24-1
Added Pin To Net: NetName=GND Pin=TP25-1
Added Pin To Net: NetName=GND Pin=TP26-1
Added Pin To Net: NetName=VBATT Pin=TP27-1
Added Pin To Net: NetName=GND Pin=TP28-1
Added Pin To Net: NetName=GND Pin=TP29-1
Added Pin To Net: NetName=VCC_IN_3V3 Pin=TP30-1
Added Pin To Net: NetName=GND Pin=TP31-1
Added Pin To Net: NetName=GND Pin=TP32-1
Added Pin To Net: NetName=VCC_OUT_IO Pin=TP33-1
Added Pin To Net: NetName=GND Pin=TP34-1
Added Pin To Net: NetName=GND Pin=TP35-1
Added Pin To Net: NetName=N_PWR_BTN Pin=TP36-1
Added Pin To Net: NetName=GND Pin=TP37-1
Added Pin To Net: NetName=GND Pin=TP38-1
Added Pin To Net: NetName=CARR_PWR_EN Pin=TP39-1
Added Pin To Net: NetName=GND Pin=TP40-1
Added Pin To Net: NetName=GND Pin=TP41-1
Added Pin To Net: NetName=N_SYS_RST Pin=TP42-1
Added Pin To Net: NetName=GND Pin=TP43-1
Added Pin To Net: NetName=GND Pin=TP44-1
Added Pin To Net: NetName=IO0 Pin=TP45-1
Added Pin To Net: NetName=GND Pin=TP46-1
Added Pin To Net: NetName=GND Pin=TP47-1
Added Pin To Net: NetName=IO46 Pin=TP48-1
Added Pin To Net: NetName=GND Pin=TP49-1
Added Pin To Net: NetName=GND Pin=TP50-1
Added Pin To Net: NetName=GND Pin=TP51-1
Added Pin To Net: NetName=GND Pin=TP52-1
Added Pin To Net: NetName=GND Pin=TP53-1
Added Pin To Net: NetName=GND Pin=TP54-1
Added Pin To Net: NetName=GND Pin=TP55-1
Added Pin To Net: NetName=GND Pin=TP56-1
Added Pin To Net: NetName=GND Pin=TP57-1
Added Pin To Net: NetName=GND Pin=TP58-1
Added Pin To Net: NetName=GND Pin=TP59-1
Added Pin To Net: NetName=GND Pin=TP60-1
Added Pin To Net: NetName=GND Pin=TP61-1
Added Pin To Net: NetName=GND Pin=TP62-1
Added Pin To Net: NetName=GND Pin=TP63-1
Added Pin To Net: NetName=GND Pin=TP64-1
Added Pin To Net: NetName=GND Pin=TP65-1
Added Pin To Net: NetName=GND Pin=TP66-1
Added Pin To Net: NetName=GND Pin=TP67-1
Added Pin To Net: NetName=GND Pin=TP68-1
Added Pin To Net: NetName=GND Pin=TP69-1
Added Pin To Net: NetName=GND Pin=TP70-1
Added Pin To Net: NetName=GND Pin=TP71-1
Added Pin To Net: NetName=GND Pin=TP72-1
Added Pin To Net: NetName=GND Pin=TP73-1
Added Pin To Net: NetName=GND Pin=TP74-1
Added Pin To Net: NetName=PWM_0 Pin=TP75-1
Added Pin To Net: NetName=IO3 Pin=TP76-1
Added Pin To Net: NetName=PWM_1 Pin=TP77-1
Added Pin To Net: NetName=IO45 Pin=TP78-1
Added Pin To Net: NetName=UART_CON_RX Pin=TP79-1
Added Pin To Net: NetName=IO1 Pin=TP80-1
Added Pin To Net: NetName=UART_CON_TX Pin=TP81-1
Added Pin To Net: NetName=IO2 Pin=TP82-1
Added Pin To Net: NetName=IO4 Pin=TP83-1
Added Pin To Net: NetName=JTCK Pin=TP84-1
Added Pin To Net: NetName=IO5 Pin=TP85-1
Added Pin To Net: NetName=JTDO Pin=TP86-1
Added Pin To Net: NetName=IO6 Pin=TP87-1
Added Pin To Net: NetName=JTDI Pin=TP88-1
Added Pin To Net: NetName=IO7 Pin=TP89-1
Added Pin To Net: NetName=JTMS Pin=TP90-1
Added Pin To Net: NetName=IO8 Pin=TP91-1
Added Pin To Net: NetName=IO9 Pin=TP92-1
Added Pin To Net: NetName=IO10 Pin=TP93-1
Added Pin To Net: NetName=IO11 Pin=TP94-1
Added Pin To Net: NetName=IO12 Pin=TP95-1
Added Pin To Net: NetName=IO13 Pin=TP96-1
Added Pin To Net: NetName=IO14 Pin=TP97-1
Added Pin To Net: NetName=IO17 Pin=TP98-1
Added Pin To Net: NetName=IO18 Pin=TP99-1
Added Pin To Net: NetName=USB_N Pin=TP100-1
Added Pin To Net: NetName=USB_P Pin=TP101-1
Added Pin To Net: NetName=IO21 Pin=TP102-1
Added Pin To Net: NetName=IO48 Pin=TP103-1
Added Pin To Net: NetName=IO47 Pin=TP104-1
Added Pin To Net: NetName=IO33 Pin=TP105-1
Added Pin To Net: NetName=IO34 Pin=TP106-1
Added Pin To Net: NetName=IO35 Pin=TP107-1
Added Pin To Net: NetName=IO36 Pin=TP108-1
Added Pin To Net: NetName=IO37 Pin=TP109-1
Added Pin To Net: NetName=IO38 Pin=TP110-1
Added Pin To Net: NetName=VCC_3_TEST Pin=TP111-1
Added Pin To Net: NetName=VCC_4_TEST Pin=TP112-1
Added Pin To Net: NetName=N_FRC_RECV Pin=TP113-1
Added Pin To Net: NetName=COMM_ARR01 Pin=TP114-1
Added Pin To Net: NetName=COMM_ARR02 Pin=TP115-1
Added Pin To Net: NetName=COMM_ARR03 Pin=TP116-1
Added Pin To Net: NetName=COMM_ARR04 Pin=TP117-1
Added Pin To Net: NetName=COMM_ARR05 Pin=TP118-1
Added Pin To Net: NetName=COMM_ARR06 Pin=TP119-1
Added Pin To Net: NetName=COMM_ARR07 Pin=TP120-1
Added Pin To Net: NetName=COMM_ARR08 Pin=TP121-1
Added Pin To Net: NetName=COMM_ARR09 Pin=TP122-1
Added Pin To Net: NetName=COMM_ARR10 Pin=TP123-1
Added Pin To Net: NetName=COMM_ARR11 Pin=TP124-1
Added Pin To Net: NetName=COMM_ARR12 Pin=TP125-1
Added Pin To Net: NetName=COMM_ARR13 Pin=TP126-1
Added Pin To Net: NetName=COMM_ARR14 Pin=TP127-1
Added Pin To Net: NetName=COMM_ARR15 Pin=TP128-1
Added Pin To Net: NetName=COMM_ARR16 Pin=TP129-1
Added Pin To Net: NetName=COMM_ARR17 Pin=TP130-1
Added Pin To Net: NetName=COMM_ARR18 Pin=TP131-1
Added Pin To Net: NetName=NC1 Pin=TP132-1
Added Pin To Net: NetName=NC2 Pin=TP133-1
Added Pin To Net: NetName=NC3 Pin=TP134-1
Added Pin To Net: NetName=NC4 Pin=TP135-1
Added Pin To Net: NetName=NC5 Pin=TP136-1
Added Pin To Net: NetName=NC6 Pin=TP137-1
Added Pin To Net: NetName=NC7 Pin=TP138-1
Added Pin To Net: NetName=NC8 Pin=TP139-1
Added Pin To Net: NetName=NC9 Pin=TP140-1
Added Pin To Net: NetName=NC10 Pin=TP141-1
Added Pin To Net: NetName=TEST_GENERIC Pin=TP142-1
Added Pin To Net: NetName=UD1 Pin=TP143-1
Added Pin To Net: NetName=UD2 Pin=TP144-1
Added Pin To Net: NetName=NC11 Pin=TP145-1
Added Pin To Net: NetName=NC12 Pin=TP146-1
Added Pin To Net: NetName=NC13 Pin=TP147-1
Added Pin To Net: NetName=NC14 Pin=TP148-1
Added Pin To Net: NetName=RSV1 Pin=TP149-1
Added Pin To Net: NetName=RSV2 Pin=TP150-1
Added Pin To Net: NetName=RSV3 Pin=TP151-1
Added Pin To Net: NetName=RSV4 Pin=TP152-1
Added Pin To Net: NetName=RSV5 Pin=TP153-1
Added Pin To Net: NetName=RSV6 Pin=TP154-1
Added Pin To Net: NetName=RSV7 Pin=TP155-1
Added Pin To Net: NetName=UD3 Pin=TP156-1
Added Pin To Net: NetName=VCC_5_TEST Pin=TP157-1
Added Pin To Net: NetName=VCC_6_TEST Pin=TP158-1
Added Pin To Net: NetName=NC15 Pin=TP159-1
Added Pin To Net: NetName=NC16 Pin=TP160-1
Added Pin To Net: NetName=NC17 Pin=TP161-1
Added Pin To Net: NetName=NC18 Pin=TP162-1
Added Pin To Net: NetName=NC19 Pin=TP163-1
Added Pin To Net: NetName=NC20 Pin=TP164-1
Added Pin To Net: NetName=NC21 Pin=TP165-1
Added Pin To Net: NetName=NC22 Pin=TP166-1
Added Pin To Net: NetName=NC23 Pin=TP167-1
Added Pin To Net: NetName=USB_A_VBUS Pin=TP168-1
Added Pin To Net: NetName=NC24 Pin=TP169-1
Added Pin To Net: NetName=NC25 Pin=TP170-1
Added Pin To Net: NetName=NC26 Pin=TP171-1
Added Pin To Net: NetName=NC27 Pin=TP172-1
Added Pin To Net: NetName=NC28 Pin=TP173-1
Added Pin To Net: NetName=NC29 Pin=TP174-1
Added Pin To Net: NetName=NC30 Pin=TP175-1
Added Pin To Net: NetName=NC31 Pin=TP176-1
Added Pin To Net: NetName=NC32 Pin=TP177-1
Added Pin To Net: NetName=NC33 Pin=TP178-1
Added Pin To Net: NetName=NC34 Pin=TP179-1
Added Pin To Net: NetName=NC35 Pin=TP180-1
Added Pin To Net: NetName=NC36 Pin=TP181-1
Added Pin To Net: NetName=CSI_DATA0_P Pin=TP182-1
Added Pin To Net: NetName=DSI_DATA0_P Pin=TP183-1
Added Pin To Net: NetName=CSI_DATA0_N Pin=TP184-1
Added Pin To Net: NetName=DSI_DATA0_N Pin=TP185-1
Added Pin To Net: NetName=CSI_DATA1_P Pin=TP186-1
Added Pin To Net: NetName=DSI_DATA1_P Pin=TP187-1
Added Pin To Net: NetName=CSI_DATA1_N Pin=TP188-1
Added Pin To Net: NetName=DSI_DATA1_N Pin=TP189-1
Added Pin To Net: NetName=CSI_DATA2_P Pin=TP190-1
Added Pin To Net: NetName=DSI_DATA2_P Pin=TP191-1
Added Pin To Net: NetName=CSI_DATA2_N Pin=TP192-1
Added Pin To Net: NetName=DSI_DATA2_N Pin=TP193-1
Added Pin To Net: NetName=CSI_DATA3_P Pin=TP194-1
Added Pin To Net: NetName=DSI_DATA3_P Pin=TP195-1
Added Pin To Net: NetName=CSI_DATA3_N Pin=TP196-1
Added Pin To Net: NetName=DSI_DATA3_N Pin=TP197-1
Added Pin To Net: NetName=CSI_CLOCK_P Pin=TP198-1
Added Pin To Net: NetName=DSI_CLOCK_P Pin=TP199-1
Added Pin To Net: NetName=CSI_CLOCK_N Pin=TP200-1
Added Pin To Net: NetName=DSI_CLOCK_N Pin=TP201-1
Added Pin To Net: NetName=CSI_TX_P Pin=TP202-1
Added Pin To Net: NetName=DSI_TE Pin=TP203-1
Added Pin To Net: NetName=CSI_TX_N Pin=TP204-1
Added Pin To Net: NetName=CSI_MCK Pin=TP205-1
Added Pin To Net: NetName=ETH_A_CRS Pin=TP206-1
Added Pin To Net: NetName=ETH_A_COL Pin=TP207-1
Added Pin To Net: NetName=ETH_A_TXD1 Pin=TP208-1
Added Pin To Net: NetName=ETH_A_TXD3 Pin=TP209-1
Added Pin To Net: NetName=ETH_A_TXD0 Pin=TP210-1
Added Pin To Net: NetName=ETH_A_TXD2 Pin=TP211-1
Added Pin To Net: NetName=ETH_A_CLK Pin=TP212-1
Added Pin To Net: NetName=ETH_A_RXD0 Pin=TP213-1
Added Pin To Net: NetName=ETH_A_TXER Pin=TP214-1
Added Pin To Net: NetName=ETH_A_RXD1 Pin=TP215-1
Added Pin To Net: NetName=ETH_A_RXER Pin=TP216-1
Added Pin To Net: NetName=ETH_A_RXDV Pin=TP217-1
Added Pin To Net: NetName=ETH_A_IOPWR Pin=TP218-1
Added Pin To Net: NetName=ETH_A_RXD2 Pin=TP219-1
Added Pin To Net: NetName=ETH_A_SDP Pin=TP220-1
Added Pin To Net: NetName=ETH_A_RXD3 Pin=TP221-1
Added Pin To Net: NetName=ETH_A_RXCLK Pin=TP222-1
Added Pin To Net: NetName=ETH_A_MDIO Pin=TP223-1
Added Pin To Net: NetName=ETH_A_MDC Pin=TP224-1
Added Pin To Net: NetName=ETH_B_CRS Pin=TP225-1
Added Pin To Net: NetName=ETH_B_COL Pin=TP226-1
Added Pin To Net: NetName=ETH_B_TXD1 Pin=TP227-1
Added Pin To Net: NetName=ETH_B_TXD3 Pin=TP228-1
Added Pin To Net: NetName=ETH_B_TXD0 Pin=TP229-1
Added Pin To Net: NetName=ETH_B_TXD2 Pin=TP230-1
Added Pin To Net: NetName=ETH_B_TXCLK Pin=TP231-1
Added Pin To Net: NetName=ETH_B_RXD0 Pin=TP232-1
Added Pin To Net: NetName=ETH_B_TXER Pin=TP233-1
Added Pin To Net: NetName=ETH_B_RXD1 Pin=TP234-1
Added Pin To Net: NetName=ETH_B_RXER Pin=TP235-1
Added Pin To Net: NetName=ETH_B_RXDV Pin=TP236-1
Added Pin To Net: NetName=ETH_B_RXD2 Pin=TP237-1
Added Pin To Net: NetName=ETH_B_SDP Pin=TP238-1
Added Pin To Net: NetName=ETH_B_RXD3 Pin=TP239-1
Added Pin To Net: NetName=ETH_B_RXCLK Pin=TP240-1
Added Pin To Net: NetName=ETH_B_MDIO Pin=TP241-1
Added Pin To Net: NetName=ETH_B_MDC Pin=TP242-1
Added Pin To Net: NetName=UD4 Pin=TP243-1
Added Pin To Net: NetName=UD5 Pin=TP244-1
Added Pin To Net: NetName=NC37 Pin=TP245-1
Added Pin To Net: NetName=NC38 Pin=TP246-1
Added Pin To Net: NetName=NC39 Pin=TP247-1
Added Pin To Net: NetName=RGB_CSN Pin=TP248-1
Added Pin To Net: NetName=RGB_RSTN Pin=TP249-1
Added Pin To Net: NetName=RGB_DE Pin=TP250-1
Added Pin To Net: NetName=RGB_HSYNC Pin=TP251-1
Added Pin To Net: NetName=RGB_DISP Pin=TP252-1
Added Pin To Net: NetName=RGB_VSYNC Pin=TP253-1
Added Pin To Net: NetName=RGB_B5 Pin=TP254-1
Added Pin To Net: NetName=RGB_CLK Pin=TP255-1
Added Pin To Net: NetName=RGB_B3 Pin=TP256-1
Added Pin To Net: NetName=RGB_B4 Pin=TP257-1
Added Pin To Net: NetName=RGB_B2 Pin=TP258-1
Added Pin To Net: NetName=TGB_B1 Pin=TP259-1
Added Pin To Net: NetName=RGB_B0 Pin=TP260-1
Added Pin To Net: NetName=RGB_G4 Pin=TP261-1
Added Pin To Net: NetName=RGB_G5 Pin=TP262-1
Added Pin To Net: NetName=RGB_G3 Pin=TP263-1
Added Pin To Net: NetName=RGB_G1 Pin=TP264-1
Added Pin To Net: NetName=RGB_G2 Pin=TP265-1
Added Pin To Net: NetName=RGB_G0 Pin=TP266-1
Added Pin To Net: NetName=RGB_R5 Pin=TP267-1
Added Pin To Net: NetName=RGB_R4 Pin=TP268-1
Added Pin To Net: NetName=RGB_R3 Pin=TP269-1
Added Pin To Net: NetName=RGB_R2 Pin=TP270-1
Added Pin To Net: NetName=RGB_R1 Pin=TP271-1
Added Pin To Net: NetName=RGB_R0 Pin=TP272-1
Added Pin To Net: NetName=PCI_SM_ALERT_N Pin=TP273-1
Added Pin To Net: NetName=PCI_SMCLK Pin=TP274-1
Added Pin To Net: NetName=PCI_WAKE Pin=TP275-1
Added Pin To Net: NetName=PCI_SMDAT Pin=TP276-1
Added Pin To Net: NetName=PCI_A_PERST_N Pin=TP277-1
Added Pin To Net: NetName=PCI_REFCLK_P Pin=TP278-1
Added Pin To Net: NetName=PCI_REFCLK_N Pin=TP279-1
Added Pin To Net: NetName=PCI_CLKREQ_N Pin=TP280-1
Added Pin To Net: NetName=PCI_A_HSI0_P Pin=TP281-1
Added Pin To Net: NetName=PCI_A_HSI0_N Pin=TP282-1
Added Pin To Net: NetName=PCI_A_HSI0_P Pin=TP283-1
Added Pin To Net: NetName=PCI_A_HSI0_N Pin=TP284-1
Added Pin To Net: NetName=NC40 Pin=TP285-1
Added Pin To Net: NetName=NC41 Pin=TP286-1
Added Pin To Net: NetName=NC42 Pin=TP287-1
Added Pin To Net: NetName=NC43 Pin=TP288-1
Added Pin To Net: NetName=NC44 Pin=TP289-1
Added Pin To Net: NetName=NC45 Pin=TP290-1
Added Pin To Net: NetName=NC46 Pin=TP291-1
Added Pin To Net: NetName=NC47 Pin=TP292-1
Added Pin To Net: NetName=NC48 Pin=TP293-1
Added Pin To Net: NetName=NC49 Pin=TP294-1
Added Pin To Net: NetName=NC50 Pin=TP295-1
Added Pin To Net: NetName=NC51 Pin=TP296-1
Added Pin To Net: NetName=NC52 Pin=TP297-1
Added Pin To Net: NetName=NC53 Pin=TP298-1
Added Pin To Net: NetName=NC54 Pin=TP299-1
Added Pin To Net: NetName=NC55 Pin=TP300-1
Added Pin To Net: NetName=NC56 Pin=TP301-1
Added Pin To Net: NetName=NC57 Pin=TP302-1
Added Pin To Net: NetName=NC58 Pin=TP303-1
Added Pin To Net: NetName=NC59 Pin=TP304-1
Added Pin To Net: NetName=NC60 Pin=TP305-1
Added Pin To Net: NetName=NC61 Pin=TP306-1
Added Pin To Net: NetName=NC62 Pin=TP307-1
Added Pin To Net: NetName=NC63 Pin=TP308-1
Added Pin To Net: NetName=NC64 Pin=TP309-1
Added Pin To Net: NetName=NC65 Pin=TP310-1
Added Pin To Net: NetName=NC66 Pin=TP311-1
Added Pin To Net: NetName=NC67 Pin=TP312-1
Added Pin To Net: NetName=NC68 Pin=TP313-1
Added Pin To Net: NetName=NC69 Pin=TP314-1
Added Pin To Net: NetName=NC70 Pin=TP315-1
Added Pin To Net: NetName=NC71 Pin=TP316-1
Added Pin To Net: NetName=NC72 Pin=TP317-1
Added Pin To Net: NetName=NC73 Pin=TP318-1
Added Pin To Net: NetName=DEBUG_EN Pin=TP319-1
Added Pin To Net: NetName=CAN_A_N Pin=TP320-1
Added Pin To Net: NetName=CAN_A_P Pin=TP321-1
Added Pin To Net: NetName=I2S_MCLK Pin=TP322-1
Added Pin To Net: NetName=I2S_LRCLK Pin=TP323-1
Added Pin To Net: NetName=I2S_B_DIN Pin=TP324-1
Added Pin To Net: NetName=I2S_B_DOUT Pin=TP325-1
Added Pin To Net: NetName=I2S_BITCLK Pin=TP326-1
Added Pin To Net: NetName=I2S_A_DIN Pin=TP327-1
Added Pin To Net: NetName=I2S_A_DOUT Pin=TP328-1
Added Pin To Net: NetName=PWM_2 Pin=TP329-1
Added Pin To Net: NetName=PWM_3 Pin=TP330-1
Added Pin To Net: NetName=PWM_4 Pin=TP331-1
Added Pin To Net: NetName=ADC_1 Pin=TP334-1
Added Pin To Net: NetName=GND Pin=U1-1
Added Pin To Net: NetName=EN Pin=U1-2
Added Pin To Net: NetName=3V3_ESP Pin=U1-3
Added Pin To Net: NetName=LNA_IN Pin=U2-1
Added Pin To Net: NetName=3V3_ESP Pin=U2-2
Added Pin To Net: NetName=3V3_ESP Pin=U2-3
Added Pin To Net: NetName=EN Pin=U2-4
Added Pin To Net: NetName=IO0 Pin=U2-5
Added Pin To Net: NetName=IO1 Pin=U2-6
Added Pin To Net: NetName=IO2 Pin=U2-7
Added Pin To Net: NetName=IO3 Pin=U2-8
Added Pin To Net: NetName=IO4 Pin=U2-9
Added Pin To Net: NetName=IO5 Pin=U2-10
Added Pin To Net: NetName=IO6 Pin=U2-11
Added Pin To Net: NetName=IO7 Pin=U2-12
Added Pin To Net: NetName=IO8 Pin=U2-13
Added Pin To Net: NetName=IO9 Pin=U2-14
Added Pin To Net: NetName=IO10 Pin=U2-15
Added Pin To Net: NetName=IO11 Pin=U2-16
Added Pin To Net: NetName=IO12 Pin=U2-17
Added Pin To Net: NetName=IO13 Pin=U2-18
Added Pin To Net: NetName=IO14 Pin=U2-19
Added Pin To Net: NetName=RTC_PWR Pin=U2-20
Added Pin To Net: NetName=X32_P Pin=U2-21
Added Pin To Net: NetName=X32_N Pin=U2-22
Added Pin To Net: NetName=IO17 Pin=U2-23
Added Pin To Net: NetName=IO18 Pin=U2-24
Added Pin To Net: NetName=IO19 Pin=U2-25
Added Pin To Net: NetName=IO20 Pin=U2-26
Added Pin To Net: NetName=IO21 Pin=U2-27
Added Pin To Net: NetName=NetU2_28 Pin=U2-28
Added Pin To Net: NetName=NetU2_29 Pin=U2-29
Added Pin To Net: NetName=NetU2_30 Pin=U2-30
Added Pin To Net: NetName=NetU2_31 Pin=U2-31
Added Pin To Net: NetName=NetU2_32 Pin=U2-32
Added Pin To Net: NetName=NetU2_33 Pin=U2-33
Added Pin To Net: NetName=NetU2_34 Pin=U2-34
Added Pin To Net: NetName=NetU2_35 Pin=U2-35
Added Pin To Net: NetName=IO48 Pin=U2-36
Added Pin To Net: NetName=IO47 Pin=U2-37
Added Pin To Net: NetName=IO33 Pin=U2-38
Added Pin To Net: NetName=IO34 Pin=U2-39
Added Pin To Net: NetName=IO35 Pin=U2-40
Added Pin To Net: NetName=IO36 Pin=U2-41
Added Pin To Net: NetName=IO37 Pin=U2-42
Added Pin To Net: NetName=IO38 Pin=U2-43
Added Pin To Net: NetName=JTCK Pin=U2-44
Added Pin To Net: NetName=JTDO Pin=U2-45
Added Pin To Net: NetName=3V3_ESP Pin=U2-46
Added Pin To Net: NetName=JTDI Pin=U2-47
Added Pin To Net: NetName=JTMS Pin=U2-48
Added Pin To Net: NetName=U0TXD Pin=U2-49
Added Pin To Net: NetName=U0RXD Pin=U2-50
Added Pin To Net: NetName=IO45 Pin=U2-51
Added Pin To Net: NetName=IO46 Pin=U2-52
Added Pin To Net: NetName=NetU2_53 Pin=U2-53
Added Pin To Net: NetName=NetU2_54 Pin=U2-54
Added Pin To Net: NetName=3V3A_ESP Pin=U2-55
Added Pin To Net: NetName=3V3A_ESP Pin=U2-56
Added Pin To Net: NetName=GND Pin=U2-57
Added Pin To Net: NetName=NetC3_1 Pin=X1-1
Added Pin To Net: NetName=NetC4_1 Pin=X1-2
Added Member To Class: ClassName=MCU Member=Component C1 ERP_102-1
Added Member To Class: ClassName=MCU Member=Component C2 ERP_102-1
Added Member To Class: ClassName=MCU Member=Component C3 ERP_102-1
Added Member To Class: ClassName=MCU Member=Component C4 ERP_102-1
Added Member To Class: ClassName=MCU Member=Component C5 ERP_102-1
Added Member To Class: ClassName=MCU Member=Component C6 ERP_102-1
Added Member To Class: ClassName=MCU Member=Component C7 ERP_102-1
Added Member To Class: ClassName=MCU Member=Component C8 ERP_102-1
Added Member To Class: ClassName=MCU Member=Component C9 ERP_102-1
Added Member To Class: ClassName=MCU Member=Component C10 ERP_102-1
Added Member To Class: ClassName=MCU Member=Component C11 ERP_102-1
Added Member To Class: ClassName=MCU Member=Component C12 ERP_102-1
Added Member To Class: ClassName=MCU Member=Component C13 ERP_102-1
Added Member To Class: ClassName=MCU Member=Component C14 ERP_102-1
Added Member To Class: ClassName=MCU Member=Component FB1 ERP_103-3
Added Member To Class: ClassName=MCU Member=Component J1 ERP_148-1
Added Member To Class: ClassName=MCU Member=Component L1 ERP_103-3
Added Member To Class: ClassName=MODEM Member=Component M1 EC200U
Added Member To Class: ClassName=MCU Member=Component R1 ERP_101-1
Added Member To Class: ClassName=MCU Member=Component R2 ERP_101-1
Added Member To Class: ClassName=MCU Member=Component R3 ERP_101-1
Added Member To Class: ClassName=MCU Member=Component R4 ERP_101-1
Added Member To Class: ClassName=MCU Member=Component R5 ERP_101-1
Added Member To Class: ClassName=MCU Member=Component R6 ERP_101-1
Added Member To Class: ClassName=MCU Member=Component R7 ERP_101-1
Added Member To Class: ClassName=MCU Member=Component R8 ERP_101-1
Added Member To Class: ClassName=POWER Member=Component TP1 TP_0P8MM
Added Member To Class: ClassName=POWER Member=Component TP2 TP_0P8MM
Added Member To Class: ClassName=POWER Member=Component TP3 TP_0P8MM
Added Member To Class: ClassName=POWER Member=Component TP4 TP_0P8MM
Added Member To Class: ClassName=POWER Member=Component TP5 TP_0P8MM
Added Member To Class: ClassName=POWER Member=Component TP6 TP_0P8MM
Added Member To Class: ClassName=POWER Member=Component TP7 TP_0P8MM
Added Member To Class: ClassName=POWER Member=Component TP8 TP_0P8MM
Added Member To Class: ClassName=POWER Member=Component TP9 TP_0P8MM
Added Member To Class: ClassName=POWER Member=Component TP10 TP_0P8MM
Added Member To Class: ClassName=POWER Member=Component TP11 TP_0P8MM
Added Member To Class: ClassName=POWER Member=Component TP12 TP_0P8MM
Added Member To Class: ClassName=POWER Member=Component TP13 TP_0P8MM
Added Member To Class: ClassName=POWER Member=Component TP14 TP_0P8MM
Added Member To Class: ClassName=POWER Member=Component TP15 TP_0P8MM
Added Member To Class: ClassName=POWER Member=Component TP16 TP_0P8MM
Added Member To Class: ClassName=POWER Member=Component TP17 TP_0P8MM
Added Member To Class: ClassName=POWER Member=Component TP18 TP_0P8MM
Added Member To Class: ClassName=POWER Member=Component TP19 TP_0P8MM
Added Member To Class: ClassName=POWER Member=Component TP20 TP_0P8MM
Added Member To Class: ClassName=TEST_MECH Member=Component TP21 TP_0P8MM
Added Member To Class: ClassName=POWER Member=Component TP22 TP_0P8MM
Added Member To Class: ClassName=POWER Member=Component TP23 TP_0P8MM
Added Member To Class: ClassName=POWER Member=Component TP24 TP_0P8MM
Added Member To Class: ClassName=POWER Member=Component TP25 TP_0P8MM
Added Member To Class: ClassName=POWER Member=Component TP26 TP_0P8MM
Added Member To Class: ClassName=POWER Member=Component TP27 TP_0P8MM
Added Member To Class: ClassName=POWER Member=Component TP28 TP_0P8MM
Added Member To Class: ClassName=POWER Member=Component TP29 TP_0P8MM
Added Member To Class: ClassName=POWER Member=Component TP30 TP_0P8MM
Added Member To Class: ClassName=POWER Member=Component TP31 TP_0P8MM
Added Member To Class: ClassName=POWER Member=Component TP32 TP_0P8MM
Added Member To Class: ClassName=POWER Member=Component TP33 TP_0P8MM
Added Member To Class: ClassName=POWER Member=Component TP34 TP_0P8MM
Added Member To Class: ClassName=POWER Member=Component TP35 TP_0P8MM
Added Member To Class: ClassName=POWER Member=Component TP36 TP_0P8MM
Added Member To Class: ClassName=POWER Member=Component TP37 TP_0P8MM
Added Member To Class: ClassName=POWER Member=Component TP38 TP_0P8MM
Added Member To Class: ClassName=POWER Member=Component TP39 TP_0P8MM
Added Member To Class: ClassName=POWER Member=Component TP40 TP_0P8MM
Added Member To Class: ClassName=POWER Member=Component TP41 TP_0P8MM
Added Member To Class: ClassName=POWER Member=Component TP42 TP_0P8MM
Added Member To Class: ClassName=POWER Member=Component TP43 TP_0P8MM
Added Member To Class: ClassName=POWER Member=Component TP44 TP_0P8MM
Added Member To Class: ClassName=MCU Member=Component TP45 TP_0P8MM
Added Member To Class: ClassName=POWER Member=Component TP46 TP_0P8MM
Added Member To Class: ClassName=POWER Member=Component TP47 TP_0P8MM
Added Member To Class: ClassName=MCU Member=Component TP48 TP_0P8MM
Added Member To Class: ClassName=POWER Member=Component TP49 TP_0P8MM
Added Member To Class: ClassName=POWER Member=Component TP50 TP_0P8MM
Added Member To Class: ClassName=POWER Member=Component TP51 TP_0P8MM
Added Member To Class: ClassName=POWER Member=Component TP52 TP_0P8MM
Added Member To Class: ClassName=POWER Member=Component TP53 TP_0P8MM
Added Member To Class: ClassName=POWER Member=Component TP54 TP_0P8MM
Added Member To Class: ClassName=POWER Member=Component TP55 TP_0P8MM
Added Member To Class: ClassName=POWER Member=Component TP56 TP_0P8MM
Added Member To Class: ClassName=POWER Member=Component TP57 TP_0P8MM
Added Member To Class: ClassName=POWER Member=Component TP58 TP_0P8MM
Added Member To Class: ClassName=POWER Member=Component TP59 TP_0P8MM
Added Member To Class: ClassName=POWER Member=Component TP60 TP_0P8MM
Added Member To Class: ClassName=POWER Member=Component TP61 TP_0P8MM
Added Member To Class: ClassName=POWER Member=Component TP62 TP_0P8MM
Added Member To Class: ClassName=POWER Member=Component TP63 TP_0P8MM
Added Member To Class: ClassName=POWER Member=Component TP64 TP_0P8MM
Added Member To Class: ClassName=POWER Member=Component TP65 TP_0P8MM
Added Member To Class: ClassName=POWER Member=Component TP66 TP_0P8MM
Added Member To Class: ClassName=POWER Member=Component TP67 TP_0P8MM
Added Member To Class: ClassName=POWER Member=Component TP68 TP_0P8MM
Added Member To Class: ClassName=POWER Member=Component TP69 TP_0P8MM
Added Member To Class: ClassName=POWER Member=Component TP70 TP_0P8MM
Added Member To Class: ClassName=POWER Member=Component TP71 TP_0P8MM
Added Member To Class: ClassName=POWER Member=Component TP72 TP_0P8MM
Added Member To Class: ClassName=POWER Member=Component TP73 TP_0P8MM
Added Member To Class: ClassName=POWER Member=Component TP74 TP_0P8MM
Added Member To Class: ClassName=MCU Member=Component TP75 TP_0P8MM
Added Member To Class: ClassName=MCU Member=Component TP76 TP_0P8MM
Added Member To Class: ClassName=MCU Member=Component TP77 TP_0P8MM
Added Member To Class: ClassName=MCU Member=Component TP78 TP_0P8MM
Added Member To Class: ClassName=MCU Member=Component TP79 TP_0P8MM
Added Member To Class: ClassName=MCU Member=Component TP80 TP_0P8MM
Added Member To Class: ClassName=MCU Member=Component TP81 TP_0P8MM
Added Member To Class: ClassName=MCU Member=Component TP82 TP_0P8MM
Added Member To Class: ClassName=MCU Member=Component TP83 TP_0P8MM
Added Member To Class: ClassName=MCU Member=Component TP84 TP_0P8MM
Added Member To Class: ClassName=MCU Member=Component TP85 TP_0P8MM
Added Member To Class: ClassName=MCU Member=Component TP86 TP_0P8MM
Added Member To Class: ClassName=MCU Member=Component TP87 TP_0P8MM
Added Member To Class: ClassName=MCU Member=Component TP88 TP_0P8MM
Added Member To Class: ClassName=MCU Member=Component TP89 TP_0P8MM
Added Member To Class: ClassName=MCU Member=Component TP90 TP_0P8MM
Added Member To Class: ClassName=MCU Member=Component TP91 TP_0P8MM
Added Member To Class: ClassName=MCU Member=Component TP92 TP_0P8MM
Added Member To Class: ClassName=MCU Member=Component TP93 TP_0P8MM
Added Member To Class: ClassName=MCU Member=Component TP94 TP_0P8MM
Added Member To Class: ClassName=MCU Member=Component TP95 TP_0P8MM
Added Member To Class: ClassName=MCU Member=Component TP96 TP_0P8MM
Added Member To Class: ClassName=MCU Member=Component TP97 TP_0P8MM
Added Member To Class: ClassName=MCU Member=Component TP98 TP_0P8MM
Added Member To Class: ClassName=MCU Member=Component TP99 TP_0P8MM
Added Member To Class: ClassName=MCU Member=Component TP100 TP_0P8MM
Added Member To Class: ClassName=MCU Member=Component TP101 TP_0P8MM
Added Member To Class: ClassName=MCU Member=Component TP102 TP_0P8MM
Added Member To Class: ClassName=MCU Member=Component TP103 TP_0P8MM
Added Member To Class: ClassName=MCU Member=Component TP104 TP_0P8MM
Added Member To Class: ClassName=MCU Member=Component TP105 TP_0P8MM
Added Member To Class: ClassName=MCU Member=Component TP106 TP_0P8MM
Added Member To Class: ClassName=MCU Member=Component TP107 TP_0P8MM
Added Member To Class: ClassName=MCU Member=Component TP108 TP_0P8MM
Added Member To Class: ClassName=MCU Member=Component TP109 TP_0P8MM
Added Member To Class: ClassName=MCU Member=Component TP110 TP_0P8MM
Added Member To Class: ClassName=TEST_MECH Member=Component TP111 TP_0P8MM
Added Member To Class: ClassName=TEST_MECH Member=Component TP112 TP_0P8MM
Added Member To Class: ClassName=POWER Member=Component TP113 TP_0P8MM
Added Member To Class: ClassName=MODEM Member=Component TP114 TP_0P8MM
Added Member To Class: ClassName=MODEM Member=Component TP115 TP_0P8MM
Added Member To Class: ClassName=MODEM Member=Component TP116 TP_0P8MM
Added Member To Class: ClassName=MODEM Member=Component TP117 TP_0P8MM
Added Member To Class: ClassName=MODEM Member=Component TP118 TP_0P8MM
Added Member To Class: ClassName=MODEM Member=Component TP119 TP_0P8MM
Added Member To Class: ClassName=MODEM Member=Component TP120 TP_0P8MM
Added Member To Class: ClassName=MODEM Member=Component TP121 TP_0P8MM
Added Member To Class: ClassName=MODEM Member=Component TP122 TP_0P8MM
Added Member To Class: ClassName=MODEM Member=Component TP123 TP_0P8MM
Added Member To Class: ClassName=MODEM Member=Component TP124 TP_0P8MM
Added Member To Class: ClassName=MODEM Member=Component TP125 TP_0P8MM
Added Member To Class: ClassName=MODEM Member=Component TP126 TP_0P8MM
Added Member To Class: ClassName=MODEM Member=Component TP127 TP_0P8MM
Added Member To Class: ClassName=MODEM Member=Component TP128 TP_0P8MM
Added Member To Class: ClassName=MODEM Member=Component TP129 TP_0P8MM
Added Member To Class: ClassName=MODEM Member=Component TP130 TP_0P8MM
Added Member To Class: ClassName=MODEM Member=Component TP131 TP_0P8MM
Added Member To Class: ClassName=TEST_MECH Member=Component TP132 TP_0P8MM
Added Member To Class: ClassName=TEST_MECH Member=Component TP133 TP_0P8MM
Added Member To Class: ClassName=TEST_MECH Member=Component TP134 TP_0P8MM
Added Member To Class: ClassName=TEST_MECH Member=Component TP135 TP_0P8MM
Added Member To Class: ClassName=TEST_MECH Member=Component TP136 TP_0P8MM
Added Member To Class: ClassName=TEST_MECH Member=Component TP137 TP_0P8MM
Added Member To Class: ClassName=TEST_MECH Member=Component TP138 TP_0P8MM
Added Member To Class: ClassName=TEST_MECH Member=Component TP139 TP_0P8MM
Added Member To Class: ClassName=TEST_MECH Member=Component TP140 TP_0P8MM
Added Member To Class: ClassName=TEST_MECH Member=Component TP141 TP_0P8MM
Added Member To Class: ClassName=TEST_MECH Member=Component TP142 TP_0P8MM
Added Member To Class: ClassName=TEST_MECH Member=Component TP143 TP_0P8MM
Added Member To Class: ClassName=TEST_MECH Member=Component TP144 TP_0P8MM
Added Member To Class: ClassName=TEST_MECH Member=Component TP145 TP_0P8MM
Added Member To Class: ClassName=TEST_MECH Member=Component TP146 TP_0P8MM
Added Member To Class: ClassName=TEST_MECH Member=Component TP147 TP_0P8MM
Added Member To Class: ClassName=TEST_MECH Member=Component TP148 TP_0P8MM
Added Member To Class: ClassName=TEST_MECH Member=Component TP149 TP_0P8MM
Added Member To Class: ClassName=TEST_MECH Member=Component TP150 TP_0P8MM
Added Member To Class: ClassName=TEST_MECH Member=Component TP151 TP_0P8MM
Added Member To Class: ClassName=TEST_MECH Member=Component TP152 TP_0P8MM
Added Member To Class: ClassName=TEST_MECH Member=Component TP153 TP_0P8MM
Added Member To Class: ClassName=TEST_MECH Member=Component TP154 TP_0P8MM
Added Member To Class: ClassName=TEST_MECH Member=Component TP155 TP_0P8MM
Added Member To Class: ClassName=TEST_MECH Member=Component TP156 TP_0P8MM
Added Member To Class: ClassName=TEST_MECH Member=Component TP157 TP_0P8MM
Added Member To Class: ClassName=TEST_MECH Member=Component TP158 TP_0P8MM
Added Member To Class: ClassName=TEST_MECH Member=Component TP159 TP_0P8MM
Added Member To Class: ClassName=TEST_MECH Member=Component TP160 TP_0P8MM
Added Member To Class: ClassName=TEST_MECH Member=Component TP161 TP_0P8MM
Added Member To Class: ClassName=TEST_MECH Member=Component TP162 TP_0P8MM
Added Member To Class: ClassName=TEST_MECH Member=Component TP163 TP_0P8MM
Added Member To Class: ClassName=TEST_MECH Member=Component TP164 TP_0P8MM
Added Member To Class: ClassName=TEST_MECH Member=Component TP165 TP_0P8MM
Added Member To Class: ClassName=TEST_MECH Member=Component TP166 TP_0P8MM
Added Member To Class: ClassName=TEST_MECH Member=Component TP167 TP_0P8MM
Added Member To Class: ClassName=POWER Member=Component TP168 TP_0P8MM
Added Member To Class: ClassName=TEST_MECH Member=Component TP169 TP_0P8MM
Added Member To Class: ClassName=TEST_MECH Member=Component TP170 TP_0P8MM
Added Member To Class: ClassName=TEST_MECH Member=Component TP171 TP_0P8MM
Added Member To Class: ClassName=TEST_MECH Member=Component TP172 TP_0P8MM
Added Member To Class: ClassName=TEST_MECH Member=Component TP173 TP_0P8MM
Added Member To Class: ClassName=TEST_MECH Member=Component TP174 TP_0P8MM
Added Member To Class: ClassName=TEST_MECH Member=Component TP175 TP_0P8MM
Added Member To Class: ClassName=TEST_MECH Member=Component TP176 TP_0P8MM
Added Member To Class: ClassName=TEST_MECH Member=Component TP177 TP_0P8MM
Added Member To Class: ClassName=TEST_MECH Member=Component TP178 TP_0P8MM
Added Member To Class: ClassName=TEST_MECH Member=Component TP179 TP_0P8MM
Added Member To Class: ClassName=TEST_MECH Member=Component TP180 TP_0P8MM
Added Member To Class: ClassName=TEST_MECH Member=Component TP181 TP_0P8MM
Added Member To Class: ClassName=MIPI Member=Component TP182 TP_0P8MM
Added Member To Class: ClassName=MIPI Member=Component TP183 TP_0P8MM
Added Member To Class: ClassName=MIPI Member=Component TP184 TP_0P8MM
Added Member To Class: ClassName=MIPI Member=Component TP185 TP_0P8MM
Added Member To Class: ClassName=MIPI Member=Component TP186 TP_0P8MM
Added Member To Class: ClassName=MIPI Member=Component TP187 TP_0P8MM
Added Member To Class: ClassName=MIPI Member=Component TP188 TP_0P8MM
Added Member To Class: ClassName=MIPI Member=Component TP189 TP_0P8MM
Added Member To Class: ClassName=MIPI Member=Component TP190 TP_0P8MM
Added Member To Class: ClassName=MIPI Member=Component TP191 TP_0P8MM
Added Member To Class: ClassName=MIPI Member=Component TP192 TP_0P8MM
Added Member To Class: ClassName=MIPI Member=Component TP193 TP_0P8MM
Added Member To Class: ClassName=MIPI Member=Component TP194 TP_0P8MM
Added Member To Class: ClassName=MIPI Member=Component TP195 TP_0P8MM
Added Member To Class: ClassName=MIPI Member=Component TP196 TP_0P8MM
Added Member To Class: ClassName=MIPI Member=Component TP197 TP_0P8MM
Added Member To Class: ClassName=MIPI Member=Component TP198 TP_0P8MM
Added Member To Class: ClassName=MIPI Member=Component TP199 TP_0P8MM
Added Member To Class: ClassName=MIPI Member=Component TP200 TP_0P8MM
Added Member To Class: ClassName=MIPI Member=Component TP201 TP_0P8MM
Added Member To Class: ClassName=MIPI Member=Component TP202 TP_0P8MM
Added Member To Class: ClassName=MIPI Member=Component TP203 TP_0P8MM
Added Member To Class: ClassName=MIPI Member=Component TP204 TP_0P8MM
Added Member To Class: ClassName=MIPI Member=Component TP205 TP_0P8MM
Added Member To Class: ClassName=ETHERNET Member=Component TP206 TP_0P8MM
Added Member To Class: ClassName=ETHERNET Member=Component TP207 TP_0P8MM
Added Member To Class: ClassName=ETHERNET Member=Component TP208 TP_0P8MM
Added Member To Class: ClassName=ETHERNET Member=Component TP209 TP_0P8MM
Added Member To Class: ClassName=ETHERNET Member=Component TP210 TP_0P8MM
Added Member To Class: ClassName=ETHERNET Member=Component TP211 TP_0P8MM
Added Member To Class: ClassName=ETHERNET Member=Component TP212 TP_0P8MM
Added Member To Class: ClassName=ETHERNET Member=Component TP213 TP_0P8MM
Added Member To Class: ClassName=ETHERNET Member=Component TP214 TP_0P8MM
Added Member To Class: ClassName=ETHERNET Member=Component TP215 TP_0P8MM
Added Member To Class: ClassName=ETHERNET Member=Component TP216 TP_0P8MM
Added Member To Class: ClassName=ETHERNET Member=Component TP217 TP_0P8MM
Added Member To Class: ClassName=ETHERNET Member=Component TP218 TP_0P8MM
Added Member To Class: ClassName=ETHERNET Member=Component TP219 TP_0P8MM
Added Member To Class: ClassName=ETHERNET Member=Component TP220 TP_0P8MM
Added Member To Class: ClassName=ETHERNET Member=Component TP221 TP_0P8MM
Added Member To Class: ClassName=ETHERNET Member=Component TP222 TP_0P8MM
Added Member To Class: ClassName=ETHERNET Member=Component TP223 TP_0P8MM
Added Member To Class: ClassName=ETHERNET Member=Component TP224 TP_0P8MM
Added Member To Class: ClassName=ETHERNET Member=Component TP225 TP_0P8MM
Added Member To Class: ClassName=ETHERNET Member=Component TP226 TP_0P8MM
Added Member To Class: ClassName=ETHERNET Member=Component TP227 TP_0P8MM
Added Member To Class: ClassName=ETHERNET Member=Component TP228 TP_0P8MM
Added Member To Class: ClassName=ETHERNET Member=Component TP229 TP_0P8MM
Added Member To Class: ClassName=ETHERNET Member=Component TP230 TP_0P8MM
Added Member To Class: ClassName=ETHERNET Member=Component TP231 TP_0P8MM
Added Member To Class: ClassName=ETHERNET Member=Component TP232 TP_0P8MM
Added Member To Class: ClassName=ETHERNET Member=Component TP233 TP_0P8MM
Added Member To Class: ClassName=ETHERNET Member=Component TP234 TP_0P8MM
Added Member To Class: ClassName=ETHERNET Member=Component TP235 TP_0P8MM
Added Member To Class: ClassName=ETHERNET Member=Component TP236 TP_0P8MM
Added Member To Class: ClassName=ETHERNET Member=Component TP237 TP_0P8MM
Added Member To Class: ClassName=ETHERNET Member=Component TP238 TP_0P8MM
Added Member To Class: ClassName=ETHERNET Member=Component TP239 TP_0P8MM
Added Member To Class: ClassName=ETHERNET Member=Component TP240 TP_0P8MM
Added Member To Class: ClassName=ETHERNET Member=Component TP241 TP_0P8MM
Added Member To Class: ClassName=ETHERNET Member=Component TP242 TP_0P8MM
Added Member To Class: ClassName=TEST_MECH Member=Component TP243 TP_0P8MM
Added Member To Class: ClassName=TEST_MECH Member=Component TP244 TP_0P8MM
Added Member To Class: ClassName=TEST_MECH Member=Component TP245 TP_0P8MM
Added Member To Class: ClassName=TEST_MECH Member=Component TP246 TP_0P8MM
Added Member To Class: ClassName=TEST_MECH Member=Component TP247 TP_0P8MM
Added Member To Class: ClassName=DISPLAY Member=Component TP248 TP_0P8MM
Added Member To Class: ClassName=DISPLAY Member=Component TP249 TP_0P8MM
Added Member To Class: ClassName=DISPLAY Member=Component TP250 TP_0P8MM
Added Member To Class: ClassName=DISPLAY Member=Component TP251 TP_0P8MM
Added Member To Class: ClassName=DISPLAY Member=Component TP252 TP_0P8MM
Added Member To Class: ClassName=DISPLAY Member=Component TP253 TP_0P8MM
Added Member To Class: ClassName=DISPLAY Member=Component TP254 TP_0P8MM
Added Member To Class: ClassName=DISPLAY Member=Component TP255 TP_0P8MM
Added Member To Class: ClassName=DISPLAY Member=Component TP256 TP_0P8MM
Added Member To Class: ClassName=DISPLAY Member=Component TP257 TP_0P8MM
Added Member To Class: ClassName=DISPLAY Member=Component TP258 TP_0P8MM
Added Member To Class: ClassName=DISPLAY Member=Component TP259 TP_0P8MM
Added Member To Class: ClassName=DISPLAY Member=Component TP260 TP_0P8MM
Added Member To Class: ClassName=DISPLAY Member=Component TP261 TP_0P8MM
Added Member To Class: ClassName=DISPLAY Member=Component TP262 TP_0P8MM
Added Member To Class: ClassName=DISPLAY Member=Component TP263 TP_0P8MM
Added Member To Class: ClassName=DISPLAY Member=Component TP264 TP_0P8MM
Added Member To Class: ClassName=DISPLAY Member=Component TP265 TP_0P8MM
Added Member To Class: ClassName=DISPLAY Member=Component TP266 TP_0P8MM
Added Member To Class: ClassName=DISPLAY Member=Component TP267 TP_0P8MM
Added Member To Class: ClassName=DISPLAY Member=Component TP268 TP_0P8MM
Added Member To Class: ClassName=DISPLAY Member=Component TP269 TP_0P8MM
Added Member To Class: ClassName=DISPLAY Member=Component TP270 TP_0P8MM
Added Member To Class: ClassName=DISPLAY Member=Component TP271 TP_0P8MM
Added Member To Class: ClassName=DISPLAY Member=Component TP272 TP_0P8MM
Added Member To Class: ClassName=PCIE Member=Component TP273 TP_0P8MM
Added Member To Class: ClassName=PCIE Member=Component TP274 TP_0P8MM
Added Member To Class: ClassName=PCIE Member=Component TP275 TP_0P8MM
Added Member To Class: ClassName=PCIE Member=Component TP276 TP_0P8MM
Added Member To Class: ClassName=PCIE Member=Component TP277 TP_0P8MM
Added Member To Class: ClassName=PCIE Member=Component TP278 TP_0P8MM
Added Member To Class: ClassName=PCIE Member=Component TP279 TP_0P8MM
Added Member To Class: ClassName=PCIE Member=Component TP280 TP_0P8MM
Added Member To Class: ClassName=PCIE Member=Component TP281 TP_0P8MM
Added Member To Class: ClassName=PCIE Member=Component TP282 TP_0P8MM
Added Member To Class: ClassName=PCIE Member=Component TP283 TP_0P8MM
Added Member To Class: ClassName=PCIE Member=Component TP284 TP_0P8MM
Added Member To Class: ClassName=TEST_MECH Member=Component TP285 TP_0P8MM
Added Member To Class: ClassName=TEST_MECH Member=Component TP286 TP_0P8MM
Added Member To Class: ClassName=TEST_MECH Member=Component TP287 TP_0P8MM
Added Member To Class: ClassName=TEST_MECH Member=Component TP288 TP_0P8MM
Added Member To Class: ClassName=TEST_MECH Member=Component TP289 TP_0P8MM
Added Member To Class: ClassName=TEST_MECH Member=Component TP290 TP_0P8MM
Added Member To Class: ClassName=TEST_MECH Member=Component TP291 TP_0P8MM
Added Member To Class: ClassName=TEST_MECH Member=Component TP292 TP_0P8MM
Added Member To Class: ClassName=TEST_MECH Member=Component TP293 TP_0P8MM
Added Member To Class: ClassName=TEST_MECH Member=Component TP294 TP_0P8MM
Added Member To Class: ClassName=TEST_MECH Member=Component TP295 TP_0P8MM
Added Member To Class: ClassName=TEST_MECH Member=Component TP296 TP_0P8MM
Added Member To Class: ClassName=TEST_MECH Member=Component TP297 TP_0P8MM
Added Member To Class: ClassName=TEST_MECH Member=Component TP298 TP_0P8MM
Added Member To Class: ClassName=TEST_MECH Member=Component TP299 TP_0P8MM
Added Member To Class: ClassName=TEST_MECH Member=Component TP300 TP_0P8MM
Added Member To Class: ClassName=TEST_MECH Member=Component TP301 TP_0P8MM
Added Member To Class: ClassName=TEST_MECH Member=Component TP302 TP_0P8MM
Added Member To Class: ClassName=TEST_MECH Member=Component TP303 TP_0P8MM
Added Member To Class: ClassName=TEST_MECH Member=Component TP304 TP_0P8MM
Added Member To Class: ClassName=TEST_MECH Member=Component TP305 TP_0P8MM
Added Member To Class: ClassName=TEST_MECH Member=Component TP306 TP_0P8MM
Added Member To Class: ClassName=TEST_MECH Member=Component TP307 TP_0P8MM
Added Member To Class: ClassName=TEST_MECH Member=Component TP308 TP_0P8MM
Added Member To Class: ClassName=TEST_MECH Member=Component TP309 TP_0P8MM
Added Member To Class: ClassName=TEST_MECH Member=Component TP310 TP_0P8MM
Added Member To Class: ClassName=TEST_MECH Member=Component TP311 TP_0P8MM
Added Member To Class: ClassName=TEST_MECH Member=Component TP312 TP_0P8MM
Added Member To Class: ClassName=TEST_MECH Member=Component TP313 TP_0P8MM
Added Member To Class: ClassName=TEST_MECH Member=Component TP314 TP_0P8MM
Added Member To Class: ClassName=TEST_MECH Member=Component TP315 TP_0P8MM
Added Member To Class: ClassName=TEST_MECH Member=Component TP316 TP_0P8MM
Added Member To Class: ClassName=TEST_MECH Member=Component TP317 TP_0P8MM
Added Member To Class: ClassName=TEST_MECH Member=Component TP318 TP_0P8MM
Added Member To Class: ClassName=TEST_MECH Member=Component TP319 TP_0P8MM
Added Member To Class: ClassName=MCU Member=Component TP320 TP_0P8MM
Added Member To Class: ClassName=MCU Member=Component TP321 TP_0P8MM
Added Member To Class: ClassName=MCU Member=Component TP322 TP_0P8MM
Added Member To Class: ClassName=MCU Member=Component TP323 TP_0P8MM
Added Member To Class: ClassName=MCU Member=Component TP324 TP_0P8MM
Added Member To Class: ClassName=MCU Member=Component TP325 TP_0P8MM
Added Member To Class: ClassName=MCU Member=Component TP326 TP_0P8MM
Added Member To Class: ClassName=MCU Member=Component TP327 TP_0P8MM
Added Member To Class: ClassName=MCU Member=Component TP328 TP_0P8MM
Added Member To Class: ClassName=MCU Member=Component TP329 TP_0P8MM
Added Member To Class: ClassName=MCU Member=Component TP330 TP_0P8MM
Added Member To Class: ClassName=MCU Member=Component TP331 TP_0P8MM
Added Member To Class: ClassName=MCU Member=Component TP334 TP_0P8MM
Added Member To Class: ClassName=MCU Member=Component U1 APX803L
Added Member To Class: ClassName=MCU Member=Component U2 ERP_121-4
Added Member To Class: ClassName=MCU Member=Component X1 ERP_111-1
