Change component parameters: Designator = "R1" ("R1"); Footprint = "RESC3246X06L"; UniqueID = "\JRZQCTMI" ("\JRZQCTMI")
Change component parameters (AddParameter): Name = "Manufacturer 1"; Value = "Vishay Dale"; VariantName = "[No Variations]"
Change component parameters (AddParameter): Name = "Manufacturer Part Number 1"; Value = "RCL12180000Z0EK"; VariantName = "[No Variations]"
Change component parameters (AddParameter): Name = "Package"; Value = "1218W"; VariantName = "[No Variations]"
Change component parameters (AddParameter): Name = "Value"; Value = "0R"; VariantName = "[No Variations]"
Change component parameters: Designator = "R2" ("R2"); Footprint = "RESC3246X06L"; UniqueID = "\VSOHIJXZ" ("\VSOHIJXZ")
Change component parameters (AddParameter): Name = "Manufacturer 1"; Value = "Vishay Dale"; VariantName = "[No Variations]"
Change component parameters (AddParameter): Name = "Manufacturer Part Number 1"; Value = "RCL12180000Z0EK"; VariantName = "[No Variations]"
Change component parameters (AddParameter): Name = "Package"; Value = "1218W"; VariantName = "[No Variations]"
Change component parameters (AddParameter): Name = "Value"; Value = "0R"; VariantName = "[No Variations]"
Change component parameters: Designator = "R3" ("R3"); Footprint = "RESC3246X06L"; UniqueID = "\PICCHLXE" ("\PICCHLXE")
Change component parameters (AddParameter): Name = "Manufacturer 1"; Value = "Vishay Dale"; VariantName = "[No Variations]"
Change component parameters (AddParameter): Name = "Manufacturer Part Number 1"; Value = "RCL12180000Z0EK"; VariantName = "[No Variations]"
Change component parameters (AddParameter): Name = "Package"; Value = "1218W"; VariantName = "[No Variations]"
Change component parameters (AddParameter): Name = "Value"; Value = "0R"; VariantName = "[No Variations]"
Change component parameters: Designator = "R4" ("R4"); Footprint = "RESC3246X06L"; UniqueID = "\WIEBCIZO" ("\WIEBCIZO")
Change component parameters (AddParameter): Name = "Manufacturer 1"; Value = "Vishay Dale"; VariantName = "[No Variations]"
Change component parameters (AddParameter): Name = "Manufacturer Part Number 1"; Value = "RCL12180000Z0EK"; VariantName = "[No Variations]"
Change component parameters (AddParameter): Name = "Package"; Value = "1218W"; VariantName = "[No Variations]"
Change component parameters (AddParameter): Name = "Value"; Value = "0R"; VariantName = "[No Variations]"
Change component parameters: Designator = "R5" ("R5"); Footprint = "RESC3246X06L"; UniqueID = "\WIFIJMEO" ("\WIFIJMEO")
Change component parameters (AddParameter): Name = "Manufacturer 1"; Value = "Vishay Dale"; VariantName = "[No Variations]"
Change component parameters (AddParameter): Name = "Manufacturer Part Number 1"; Value = "RCL12180000Z0EK"; VariantName = "[No Variations]"
Change component parameters (AddParameter): Name = "Package"; Value = "1218W"; VariantName = "[No Variations]"
Change component parameters (AddParameter): Name = "Value"; Value = "0R"; VariantName = "[No Variations]"
Change component parameters: Designator = "R6" ("R6"); Footprint = "RESC3246X06L"; UniqueID = "\HRKEBRZU" ("\HRKEBRZU")
Change component parameters (AddParameter): Name = "Manufacturer 1"; Value = "Vishay Dale"; VariantName = "[No Variations]"
Change component parameters (AddParameter): Name = "Manufacturer Part Number 1"; Value = "RCL12180000Z0EK"; VariantName = "[No Variations]"
Change component parameters (AddParameter): Name = "Package"; Value = "1218W"; VariantName = "[No Variations]"
Change component parameters (AddParameter): Name = "Value"; Value = "0R"; VariantName = "[No Variations]"
Change component parameters: Designator = "R7" ("R7"); Footprint = "RESC3246X06L"; UniqueID = "\ADVZOQKJ" ("\ADVZOQKJ")
Change component parameters (AddParameter): Name = "Manufacturer 1"; Value = "Vishay Dale"; VariantName = "[No Variations]"
Change component parameters (AddParameter): Name = "Manufacturer Part Number 1"; Value = "RCL12180000Z0EK"; VariantName = "[No Variations]"
Change component parameters (AddParameter): Name = "Package"; Value = "1218W"; VariantName = "[No Variations]"
Change component parameters (AddParameter): Name = "Value"; Value = "0R"; VariantName = "[No Variations]"
Change component parameters: Designator = "R8" ("R8"); Footprint = "RESC3246X06L"; UniqueID = "\COQXLTEH" ("\COQXLTEH")
Change component parameters (AddParameter): Name = "Manufacturer 1"; Value = "Vishay Dale"; VariantName = "[No Variations]"
Change component parameters (AddParameter): Name = "Manufacturer Part Number 1"; Value = "RCL12180000Z0EK"; VariantName = "[No Variations]"
Change component parameters (AddParameter): Name = "Package"; Value = "1218W"; VariantName = "[No Variations]"
Change component parameters (AddParameter): Name = "Value"; Value = "0R"; VariantName = "[No Variations]"
