Removed Member From Class: ClassName=U2_Nets Member=IO1
Removed Member From Class: ClassName=U2_Nets Member=IO2
Removed Member From Class: ClassName=U2_Nets Member=IO3
Removed Member From Class: ClassName=U2_Nets Member=IO4
Removed Member From Class: ClassName=U2_Nets Member=IO5
Removed Member From Class: ClassName=U2_Nets Member=IO6
Removed Member From Class: ClassName=U2_Nets Member=IO7
Removed Member From Class: ClassName=U2_Nets Member=IO8
Removed Member From Class: ClassName=U2_Nets Member=IO9
Removed Member From Class: ClassName=U2_Nets Member=IO11
Removed Member From Class: ClassName=U2_Nets Member=IO13
Removed Member From Class: ClassName=U2_Nets Member=IO18
Removed Member From Class: ClassName=U2_Nets Member=IO45
Removed Member From Class: ClassName=U2_Nets Member=JTCK
Removed Member From Class: ClassName=U2_Nets Member=JTDI
Removed Member From Class: ClassName=U2_Nets Member=JTDO
Removed Member From Class: ClassName=U2_Nets Member=JTMS
Removed Member From Class: ClassName=U2_Nets Member=U0TXD
Removed Member From Class: ClassName=R2_Nets Member=UART_CON_RX
Added Component: Designator=C1(CAPC0603X03L)
Add component (AddParameter): Name = "ERP"; Value = ""; VariantName = "[No Variations]"
Add component (AddParameter): Name = "Manufacturer 1"; Value = ""; VariantName = "[No Variations]"
Add component (AddParameter): Name = "Manufacturer Part Number 1"; Value = ""; VariantName = "[No Variations]"
Add component (AddParameter): Name = "Package"; Value = "0201"; VariantName = "[No Variations]"
Add component (AddParameter): Name = "Value"; Value = "NA"; VariantName = "[No Variations]"
Added Component: Designator=C2(CAPC0603X03L)
Add component (AddParameter): Name = "ERP"; Value = ""; VariantName = "[No Variations]"
Add component (AddParameter): Name = "Manufacturer 1"; Value = ""; VariantName = "[No Variations]"
Add component (AddParameter): Name = "Manufacturer Part Number 1"; Value = ""; VariantName = "[No Variations]"
Add component (AddParameter): Name = "Package"; Value = "0201"; VariantName = "[No Variations]"
Add component (AddParameter): Name = "Value"; Value = "NA"; VariantName = "[No Variations]"
Added Component: Designator=C3(CAPC0603X03L)
Add component (AddParameter): Name = "ERP"; Value = ""; VariantName = "[No Variations]"
Add component (AddParameter): Name = "Manufacturer 1"; Value = ""; VariantName = "[No Variations]"
Add component (AddParameter): Name = "Manufacturer Part Number 1"; Value = ""; VariantName = "[No Variations]"
Add component (AddParameter): Name = "Package"; Value = "0201"; VariantName = "[No Variations]"
Add component (AddParameter): Name = "Value"; Value = "8pF"; VariantName = "[No Variations]"
Added Component: Designator=C4(CAPC0603X03L)
Add component (AddParameter): Name = "ERP"; Value = ""; VariantName = "[No Variations]"
Add component (AddParameter): Name = "Manufacturer 1"; Value = ""; VariantName = "[No Variations]"
Add component (AddParameter): Name = "Manufacturer Part Number 1"; Value = ""; VariantName = "[No Variations]"
Add component (AddParameter): Name = "Package"; Value = "0201"; VariantName = "[No Variations]"
Add component (AddParameter): Name = "Value"; Value = "8pF"; VariantName = "[No Variations]"
Added Component: Designator=C5(CAPC0603X03L)
Add component (AddParameter): Name = "ERP"; Value = ""; VariantName = "[No Variations]"
Add component (AddParameter): Name = "Manufacturer 1"; Value = ""; VariantName = "[No Variations]"
Add component (AddParameter): Name = "Manufacturer Part Number 1"; Value = ""; VariantName = "[No Variations]"
Add component (AddParameter): Name = "Package"; Value = "0201"; VariantName = "[No Variations]"
Add component (AddParameter): Name = "Value"; Value = "10n"; VariantName = "[No Variations]"
Added Component: Designator=C6(CAPC0603X03L)
Add component (AddParameter): Name = "ERP"; Value = ""; VariantName = "[No Variations]"
Add component (AddParameter): Name = "Manufacturer 1"; Value = ""; VariantName = "[No Variations]"
Add component (AddParameter): Name = "Manufacturer Part Number 1"; Value = ""; VariantName = "[No Variations]"
Add component (AddParameter): Name = "Package"; Value = "0201"; VariantName = "[No Variations]"
Add component (AddParameter): Name = "Value"; Value = "10n"; VariantName = "[No Variations]"
Added Component: Designator=C7(CAPC0603X03L)
Add component (AddParameter): Name = "ERP"; Value = ""; VariantName = "[No Variations]"
Add component (AddParameter): Name = "Manufacturer 1"; Value = ""; VariantName = "[No Variations]"
Add component (AddParameter): Name = "Manufacturer Part Number 1"; Value = ""; VariantName = "[No Variations]"
Add component (AddParameter): Name = "Package"; Value = "0201"; VariantName = "[No Variations]"
Add component (AddParameter): Name = "Value"; Value = "10n"; VariantName = "[No Variations]"
Added Component: Designator=C8(CAPC0603X03L)
Add component (AddParameter): Name = "ERP"; Value = ""; VariantName = "[No Variations]"
Add component (AddParameter): Name = "Manufacturer 1"; Value = ""; VariantName = "[No Variations]"
Add component (AddParameter): Name = "Manufacturer Part Number 1"; Value = ""; VariantName = "[No Variations]"
Add component (AddParameter): Name = "Package"; Value = "0201"; VariantName = "[No Variations]"
Add component (AddParameter): Name = "Value"; Value = "10n"; VariantName = "[No Variations]"
Added Component: Designator=C9(CAPC0603X03L)
Add component (AddParameter): Name = "ERP"; Value = ""; VariantName = "[No Variations]"
Add component (AddParameter): Name = "Manufacturer 1"; Value = ""; VariantName = "[No Variations]"
Add component (AddParameter): Name = "Manufacturer Part Number 1"; Value = ""; VariantName = "[No Variations]"
Add component (AddParameter): Name = "Package"; Value = "0201"; VariantName = "[No Variations]"
Add component (AddParameter): Name = "Value"; Value = "10n"; VariantName = "[No Variations]"
Added Component: Designator=C10(CAPC0603X03L)
Add component (AddParameter): Name = "ERP"; Value = ""; VariantName = "[No Variations]"
Add component (AddParameter): Name = "Manufacturer 1"; Value = ""; VariantName = "[No Variations]"
Add component (AddParameter): Name = "Manufacturer Part Number 1"; Value = ""; VariantName = "[No Variations]"
Add component (AddParameter): Name = "Package"; Value = "0201"; VariantName = "[No Variations]"
Add component (AddParameter): Name = "Value"; Value = "10n"; VariantName = "[No Variations]"
Added Component: Designator=C11(CAPC0603X03L)
Add component (AddParameter): Name = "ERP"; Value = ""; VariantName = "[No Variations]"
Add component (AddParameter): Name = "Manufacturer 1"; Value = ""; VariantName = "[No Variations]"
Add component (AddParameter): Name = "Manufacturer Part Number 1"; Value = ""; VariantName = "[No Variations]"
Add component (AddParameter): Name = "Package"; Value = "0201"; VariantName = "[No Variations]"
Add component (AddParameter): Name = "Value"; Value = "100n"; VariantName = "[No Variations]"
Added Component: Designator=C12(CAPC0603X03L)
Add component (AddParameter): Name = "ERP"; Value = ""; VariantName = "[No Variations]"
Add component (AddParameter): Name = "Manufacturer 1"; Value = ""; VariantName = "[No Variations]"
Add component (AddParameter): Name = "Manufacturer Part Number 1"; Value = ""; VariantName = "[No Variations]"
Add component (AddParameter): Name = "Package"; Value = "0201"; VariantName = "[No Variations]"
Add component (AddParameter): Name = "Value"; Value = "100n"; VariantName = "[No Variations]"
Added Component: Designator=C13(CAPC0603X03L)
Add component (AddParameter): Name = "ERP"; Value = ""; VariantName = "[No Variations]"
Add component (AddParameter): Name = "Manufacturer 1"; Value = ""; VariantName = "[No Variations]"
Add component (AddParameter): Name = "Manufacturer Part Number 1"; Value = ""; VariantName = "[No Variations]"
Add component (AddParameter): Name = "Package"; Value = "0201"; VariantName = "[No Variations]"
Add component (AddParameter): Name = "Value"; Value = "100n"; VariantName = "[No Variations]"
Added Component: Designator=C14(CAPC0603X03L)
Add component (AddParameter): Name = "ERP"; Value = ""; VariantName = "[No Variations]"
Add component (AddParameter): Name = "Manufacturer 1"; Value = ""; VariantName = "[No Variations]"
Add component (AddParameter): Name = "Manufacturer Part Number 1"; Value = ""; VariantName = "[No Variations]"
Add component (AddParameter): Name = "Package"; Value = "0201"; VariantName = "[No Variations]"
Add component (AddParameter): Name = "Value"; Value = "100n"; VariantName = "[No Variations]"
Added Component: Designator=FB1(INDC0603X03L)
Add component (AddParameter): Name = "ERP"; Value = ""; VariantName = "[No Variations]"
Add component (AddParameter): Name = "Manufacturer 1"; Value = ""; VariantName = "[No Variations]"
Add component (AddParameter): Name = "Manufacturer Part Number 1"; Value = ""; VariantName = "[No Variations]"
Add component (AddParameter): Name = "Package"; Value = "0201"; VariantName = "[No Variations]"
Add component (AddParameter): Name = "Value"; Value = "0R"; VariantName = "[No Variations]"
Added Component: Designator=J1(uFL_50R)
Add component (AddParameter): Name = "ERP"; Value = ""; VariantName = "[No Variations]"
Add component (AddParameter): Name = "Manufacturer 1"; Value = ""; VariantName = "[No Variations]"
Add component (AddParameter): Name = "Manufacturer Part Number 1"; Value = ""; VariantName = "[No Variations]"
Add component (AddParameter): Name = "Package"; Value = "UMCC"; VariantName = "[No Variations]"
Add component (AddParameter): Name = "Supplier 1"; Value = ""; VariantName = "[No Variations]"
Add component (AddParameter): Name = "Suuplier Part Number 1"; Value = ""; VariantName = "[No Variations]"
Add component (AddParameter): Name = "Value"; Value = ""; VariantName = "[No Variations]"
Added Component: Designator=L1(IND_0603)
Add component (AddParameter): Name = "ERP"; Value = ""; VariantName = "[No Variations]"
Add component (AddParameter): Name = "Manufacturer 1"; Value = ""; VariantName = "[No Variations]"
Add component (AddParameter): Name = "Manufacturer Part Number 1"; Value = ""; VariantName = "[No Variations]"
Add component (AddParameter): Name = "Package"; Value = "0603"; VariantName = "[No Variations]"
Add component (AddParameter): Name = "Supplier 1"; Value = ""; VariantName = "[No Variations]"
Add component (AddParameter): Name = "Suuplier Part Number 1"; Value = ""; VariantName = "[No Variations]"
Add component (AddParameter): Name = "Value"; Value = "0R"; VariantName = "[No Variations]"
Added Component: Designator=M1(EC200U)
Add component (AddParameter): Name = "Manufacturer 1"; Value = "Quectel"; VariantName = "[No Variations]"
Add component (AddParameter): Name = "Manufacturer Part Number 1"; Value = ""; VariantName = "[No Variations]"
Add component (AddParameter): Name = "Value"; Value = ""; VariantName = "[No Variations]"
Added Component: Designator=R1(RESC0603X03L)
Add component (AddParameter): Name = "ERP"; Value = ""; VariantName = "[No Variations]"
Add component (AddParameter): Name = "Manufacturer 1"; Value = ""; VariantName = "[No Variations]"
Add component (AddParameter): Name = "Manufacturer Part Number 1"; Value = ""; VariantName = "[No Variations]"
Add component (AddParameter): Name = "Package"; Value = "0201"; VariantName = "[No Variations]"
Add component (AddParameter): Name = "Value"; Value = "100k"; VariantName = "[No Variations]"
Added Component: Designator=R2(RESC0603X03L)
Add component (AddParameter): Name = "ERP"; Value = ""; VariantName = "[No Variations]"
Add component (AddParameter): Name = "Manufacturer 1"; Value = ""; VariantName = "[No Variations]"
Add component (AddParameter): Name = "Manufacturer Part Number 1"; Value = ""; VariantName = "[No Variations]"
Add component (AddParameter): Name = "Package"; Value = "0201"; VariantName = "[No Variations]"
Add component (AddParameter): Name = "Value"; Value = "33R"; VariantName = "[No Variations]"
Added Component: Designator=R4(RESC0603X03L)
Add component (AddParameter): Name = "ERP"; Value = ""; VariantName = "[No Variations]"
Add component (AddParameter): Name = "Manufacturer 1"; Value = ""; VariantName = "[No Variations]"
Add component (AddParameter): Name = "Manufacturer Part Number 1"; Value = ""; VariantName = "[No Variations]"
Add component (AddParameter): Name = "Package"; Value = "0201"; VariantName = "[No Variations]"
Add component (AddParameter): Name = "Value"; Value = "0R"; VariantName = "[No Variations]"
Added Component: Designator=R5(RESC0603X03L)
Add component (AddParameter): Name = "ERP"; Value = ""; VariantName = "[No Variations]"
Add component (AddParameter): Name = "Manufacturer 1"; Value = ""; VariantName = "[No Variations]"
Add component (AddParameter): Name = "Manufacturer Part Number 1"; Value = ""; VariantName = "[No Variations]"
Add component (AddParameter): Name = "Package"; Value = "0201"; VariantName = "[No Variations]"
Add component (AddParameter): Name = "Value"; Value = "5M"; VariantName = "[No Variations]"
Added Component: Designator=R6(RESC0603X03L)
Add component (AddParameter): Name = "ERP"; Value = ""; VariantName = "[No Variations]"
Add component (AddParameter): Name = "Manufacturer 1"; Value = ""; VariantName = "[No Variations]"
Add component (AddParameter): Name = "Manufacturer Part Number 1"; Value = ""; VariantName = "[No Variations]"
Add component (AddParameter): Name = "Package"; Value = "0201"; VariantName = "[No Variations]"
Add component (AddParameter): Name = "Value"; Value = "0R"; VariantName = "[No Variations]"
Added Component: Designator=R7(RESC0603X03L)
Add component (AddParameter): Name = "ERP"; Value = ""; VariantName = "[No Variations]"
Add component (AddParameter): Name = "Manufacturer 1"; Value = ""; VariantName = "[No Variations]"
Add component (AddParameter): Name = "Manufacturer Part Number 1"; Value = ""; VariantName = "[No Variations]"
Add component (AddParameter): Name = "Package"; Value = "0201"; VariantName = "[No Variations]"
Add component (AddParameter): Name = "Value"; Value = "0R"; VariantName = "[No Variations]"
Added Component: Designator=R8(RESC0603X03L)
Add component (AddParameter): Name = "ERP"; Value = ""; VariantName = "[No Variations]"
Add component (AddParameter): Name = "Manufacturer 1"; Value = ""; VariantName = "[No Variations]"
Add component (AddParameter): Name = "Manufacturer Part Number 1"; Value = ""; VariantName = "[No Variations]"
Add component (AddParameter): Name = "Package"; Value = "0201"; VariantName = "[No Variations]"
Add component (AddParameter): Name = "Value"; Value = "0R"; VariantName = "[No Variations]"
Added Component: Designator=U1(APX803L)
Add component (AddParameter): Name = "Manufacturer 1"; Value = "Diodes Incorporated"; VariantName = "[No Variations]"
Add component (AddParameter): Name = "Manufacturer Part Number 1"; Value = "APX803L20-33SA-7"; VariantName = "[No Variations]"
Add component (AddParameter): Name = "Value"; Value = "APX803L"; VariantName = "[No Variations]"
Added Component: Designator=U2(QFN40P700X700X106_HS-57N)
Add component (AddParameter): Name = "ERP"; Value = ""; VariantName = "[No Variations]"
Add component (AddParameter): Name = "Manufacturer 1"; Value = "Espressif Systems"; VariantName = "[No Variations]"
Add component (AddParameter): Name = "Manufacturer Part Number 1"; Value = ""; VariantName = "[No Variations]"
Add component (AddParameter): Name = "Package"; Value = "56-TFQFN"; VariantName = "[No Variations]"
Add component (AddParameter): Name = "Value"; Value = "ESP32-S3-PICO-1"; VariantName = "[No Variations]"
Added Component: Designator=X1(CRYS_L1.6_W1)
Add component (AddParameter): Name = "ERP"; Value = ""; VariantName = "[No Variations]"
Add component (AddParameter): Name = "Manufacturer 1"; Value = "ECS Inc."; VariantName = "[No Variations]"
Add component (AddParameter): Name = "Manufacturer Part Number 1"; Value = "ECS-.327-6-16R-TR"; VariantName = "[No Variations]"
Add component (AddParameter): Name = "Package"; Value = "1P6_1P0"; VariantName = "[No Variations]"
Add component (AddParameter): Name = "Value"; Value = "32.768Khz"; VariantName = "[No Variations]"
Added Pin To Net: NetName=LNA_IN Pin=C1-1
Added Pin To Net: NetName=GND Pin=C1-2
Added Pin To Net: NetName=NetC2_1 Pin=C2-1
Added Pin To Net: NetName=GND Pin=C2-2
Added Pin To Net: NetName=NetC3_1 Pin=C3-1
Added Pin To Net: NetName=GND Pin=C3-2
Added Pin To Net: NetName=NetC4_1 Pin=C4-1
Added Pin To Net: NetName=GND Pin=C4-2
Added Pin To Net: NetName=3V3_ESP Pin=C5-1
Added Pin To Net: NetName=GND Pin=C5-2
Added Pin To Net: NetName=3V3_ESP Pin=C6-1
Added Pin To Net: NetName=GND Pin=C6-2
Added Pin To Net: NetName=3V3_ESP Pin=C7-1
Added Pin To Net: NetName=GND Pin=C7-2
Added Pin To Net: NetName=3V3_ESP Pin=C8-1
Added Pin To Net: NetName=GND Pin=C8-2
Added Pin To Net: NetName=3V3A_ESP Pin=C9-1
Added Pin To Net: NetName=GND Pin=C9-2
Added Pin To Net: NetName=RTC_PWR Pin=C10-1
Added Pin To Net: NetName=GND Pin=C10-2
Added Pin To Net: NetName=RTC_PWR Pin=C11-1
Added Pin To Net: NetName=GND Pin=C11-2
Added Pin To Net: NetName=3V3_ESP Pin=C12-1
Added Pin To Net: NetName=GND Pin=C12-2
Added Pin To Net: NetName=3V3_ESP Pin=C13-1
Added Pin To Net: NetName=GND Pin=C13-2
Added Pin To Net: NetName=3V3_ESP Pin=C14-1
Added Pin To Net: NetName=GND Pin=C14-2
Added Pin To Net: NetName=3V3_ESP Pin=FB1-1
Added Pin To Net: NetName=3V3A_ESP Pin=FB1-2
Added Pin To Net: NetName=NetC2_1 Pin=J1-1
Added Pin To Net: NetName=GND Pin=J1-2
Added Pin To Net: NetName=GND Pin=J1-3
Added Pin To Net: NetName=LNA_IN Pin=L1-1
Added Pin To Net: NetName=NetC2_1 Pin=L1-2
Added Pin To Net: NetName=NetM1_1 Pin=M1-1
Added Pin To Net: NetName=NetM1_2 Pin=M1-2
Added Pin To Net: NetName=NetM1_3 Pin=M1-3
Added Pin To Net: NetName=NetM1_4 Pin=M1-4
Added Pin To Net: NetName=NetM1_5 Pin=M1-5
Added Pin To Net: NetName=NetM1_6 Pin=M1-6
Added Pin To Net: NetName=NetM1_7 Pin=M1-7
Added Pin To Net: NetName=NetM1_8 Pin=M1-8
Added Pin To Net: NetName=NetM1_9 Pin=M1-9
Added Pin To Net: NetName=NetM1_10 Pin=M1-10
Added Pin To Net: NetName=NetM1_11 Pin=M1-11
Added Pin To Net: NetName=NetM1_12 Pin=M1-12
Added Pin To Net: NetName=NetM1_13 Pin=M1-13
Added Pin To Net: NetName=NetM1_14 Pin=M1-14
Added Pin To Net: NetName=NetM1_15 Pin=M1-15
Added Pin To Net: NetName=NetM1_16 Pin=M1-16
Added Pin To Net: NetName=NetM1_17 Pin=M1-17
Added Pin To Net: NetName=NetM1_18 Pin=M1-18
Added Pin To Net: NetName=NetM1_19 Pin=M1-19
Added Pin To Net: NetName=NetM1_20 Pin=M1-20
Added Pin To Net: NetName=NetM1_21 Pin=M1-21
Added Pin To Net: NetName=NetM1_22 Pin=M1-22
Added Pin To Net: NetName=NetM1_23 Pin=M1-23
Added Pin To Net: NetName=NetM1_24 Pin=M1-24
Added Pin To Net: NetName=NetM1_25 Pin=M1-25
Added Pin To Net: NetName=NetM1_26 Pin=M1-26
Added Pin To Net: NetName=NetM1_27 Pin=M1-27
Added Pin To Net: NetName=NetM1_28 Pin=M1-28
Added Pin To Net: NetName=NetM1_29 Pin=M1-29
Added Pin To Net: NetName=NetM1_30 Pin=M1-30
Added Pin To Net: NetName=NetM1_31 Pin=M1-31
Added Pin To Net: NetName=NetM1_32 Pin=M1-32
Added Pin To Net: NetName=NetM1_33 Pin=M1-33
Added Pin To Net: NetName=NetM1_34 Pin=M1-34
Added Pin To Net: NetName=NetM1_35 Pin=M1-35
Added Pin To Net: NetName=NetM1_36 Pin=M1-36
Added Pin To Net: NetName=NetM1_37 Pin=M1-37
Added Pin To Net: NetName=NetM1_38 Pin=M1-38
Added Pin To Net: NetName=NetM1_39 Pin=M1-39
Added Pin To Net: NetName=NetM1_40 Pin=M1-40
Added Pin To Net: NetName=NetM1_41 Pin=M1-41
Added Pin To Net: NetName=NetM1_42 Pin=M1-42
Added Pin To Net: NetName=NetM1_43 Pin=M1-43
Added Pin To Net: NetName=NetM1_44 Pin=M1-44
Added Pin To Net: NetName=NetM1_45 Pin=M1-45
Added Pin To Net: NetName=NetM1_46 Pin=M1-46
Added Pin To Net: NetName=NetM1_47 Pin=M1-47
Added Pin To Net: NetName=NetM1_48 Pin=M1-48
Added Pin To Net: NetName=NetM1_49 Pin=M1-49
Added Pin To Net: NetName=NetM1_50 Pin=M1-50
Added Pin To Net: NetName=NetM1_51 Pin=M1-51
Added Pin To Net: NetName=NetM1_52 Pin=M1-52
Added Pin To Net: NetName=NetM1_53 Pin=M1-53
Added Pin To Net: NetName=NetM1_54 Pin=M1-54
Added Pin To Net: NetName=NetM1_55 Pin=M1-55
Added Pin To Net: NetName=NetM1_56 Pin=M1-56
Added Pin To Net: NetName=NetM1_57 Pin=M1-57
Added Pin To Net: NetName=NetM1_58 Pin=M1-58
Added Pin To Net: NetName=NetM1_59 Pin=M1-59
Added Pin To Net: NetName=NetM1_60 Pin=M1-60
Added Pin To Net: NetName=NetM1_61 Pin=M1-61
Added Pin To Net: NetName=NetM1_62 Pin=M1-62
Added Pin To Net: NetName=NetM1_63 Pin=M1-63
Added Pin To Net: NetName=NetM1_64 Pin=M1-64
Added Pin To Net: NetName=NetM1_65 Pin=M1-65
Added Pin To Net: NetName=NetM1_66 Pin=M1-66
Added Pin To Net: NetName=NetM1_67 Pin=M1-67
Added Pin To Net: NetName=NetM1_68 Pin=M1-68
Added Pin To Net: NetName=NetM1_69 Pin=M1-69
Added Pin To Net: NetName=NetM1_70 Pin=M1-70
Added Pin To Net: NetName=NetM1_71 Pin=M1-71
Added Pin To Net: NetName=NetM1_72 Pin=M1-72
Added Pin To Net: NetName=NetM1_73 Pin=M1-73
Added Pin To Net: NetName=NetM1_74 Pin=M1-74
Added Pin To Net: NetName=NetM1_75 Pin=M1-75
Added Pin To Net: NetName=NetM1_76 Pin=M1-76
Added Pin To Net: NetName=NetM1_77 Pin=M1-77
Added Pin To Net: NetName=NetM1_78 Pin=M1-78
Added Pin To Net: NetName=NetM1_79 Pin=M1-79
Added Pin To Net: NetName=NetM1_80 Pin=M1-80
Added Pin To Net: NetName=NetM1_81 Pin=M1-81
Added Pin To Net: NetName=NetM1_82 Pin=M1-82
Added Pin To Net: NetName=NetM1_83 Pin=M1-83
Added Pin To Net: NetName=NetM1_84 Pin=M1-84
Added Pin To Net: NetName=NetM1_85 Pin=M1-85
Added Pin To Net: NetName=NetM1_86 Pin=M1-86
Added Pin To Net: NetName=NetM1_87 Pin=M1-87
Added Pin To Net: NetName=NetM1_88 Pin=M1-88
Added Pin To Net: NetName=NetM1_89 Pin=M1-89
Added Pin To Net: NetName=NetM1_90 Pin=M1-90
Added Pin To Net: NetName=NetM1_91 Pin=M1-91
Added Pin To Net: NetName=NetM1_92 Pin=M1-92
Added Pin To Net: NetName=NetM1_93 Pin=M1-93
Added Pin To Net: NetName=NetM1_94 Pin=M1-94
Added Pin To Net: NetName=NetM1_95 Pin=M1-95
Added Pin To Net: NetName=NetM1_96 Pin=M1-96
Added Pin To Net: NetName=NetM1_97 Pin=M1-97
Added Pin To Net: NetName=NetM1_98 Pin=M1-98
Added Pin To Net: NetName=NetM1_99 Pin=M1-99
Added Pin To Net: NetName=NetM1_100 Pin=M1-100
Added Pin To Net: NetName=NetM1_101 Pin=M1-101
Added Pin To Net: NetName=NetM1_102 Pin=M1-102
Added Pin To Net: NetName=NetM1_103 Pin=M1-103
Added Pin To Net: NetName=NetM1_104 Pin=M1-104
Added Pin To Net: NetName=NetM1_105 Pin=M1-105
Added Pin To Net: NetName=NetM1_106 Pin=M1-106
Added Pin To Net: NetName=NetM1_107 Pin=M1-107
Added Pin To Net: NetName=NetM1_108 Pin=M1-108
Added Pin To Net: NetName=NetM1_109 Pin=M1-109
Added Pin To Net: NetName=NetM1_110 Pin=M1-110
Added Pin To Net: NetName=NetM1_111 Pin=M1-111
Added Pin To Net: NetName=NetM1_112 Pin=M1-112
Added Pin To Net: NetName=NetM1_113 Pin=M1-113
Added Pin To Net: NetName=NetM1_114 Pin=M1-114
Added Pin To Net: NetName=NetM1_115 Pin=M1-115
Added Pin To Net: NetName=NetM1_116 Pin=M1-116
Added Pin To Net: NetName=NetM1_117 Pin=M1-117
Added Pin To Net: NetName=NetM1_118 Pin=M1-118
Added Pin To Net: NetName=NetM1_119 Pin=M1-119
Added Pin To Net: NetName=NetM1_120 Pin=M1-120
Added Pin To Net: NetName=NetM1_121 Pin=M1-121
Added Pin To Net: NetName=NetM1_122 Pin=M1-122
Added Pin To Net: NetName=NetM1_123 Pin=M1-123
Added Pin To Net: NetName=NetM1_124 Pin=M1-124
Added Pin To Net: NetName=NetM1_125 Pin=M1-125
Added Pin To Net: NetName=NetM1_126 Pin=M1-126
Added Pin To Net: NetName=NetM1_127 Pin=M1-127
Added Pin To Net: NetName=NetM1_128 Pin=M1-128
Added Pin To Net: NetName=NetM1_129 Pin=M1-129
Added Pin To Net: NetName=NetM1_130 Pin=M1-130
Added Pin To Net: NetName=NetM1_131 Pin=M1-131
Added Pin To Net: NetName=NetM1_132 Pin=M1-132
Added Pin To Net: NetName=NetM1_133 Pin=M1-133
Added Pin To Net: NetName=NetM1_134 Pin=M1-134
Added Pin To Net: NetName=NetM1_135 Pin=M1-135
Added Pin To Net: NetName=NetM1_136 Pin=M1-136
Added Pin To Net: NetName=NetM1_137 Pin=M1-137
Added Pin To Net: NetName=NetM1_138 Pin=M1-138
Added Pin To Net: NetName=NetM1_139 Pin=M1-139
Added Pin To Net: NetName=NetM1_140 Pin=M1-140
Added Pin To Net: NetName=NetM1_141 Pin=M1-141
Added Pin To Net: NetName=NetM1_142 Pin=M1-142
Added Pin To Net: NetName=NetM1_143 Pin=M1-143
Added Pin To Net: NetName=NetM1_144 Pin=M1-144
Added Pin To Net: NetName=EN Pin=R1-1
Added Pin To Net: NetName=3V3_ESP Pin=R1-2
Added Pin To Net: NetName=U0RXD Pin=R2-2
Added Pin To Net: NetName=NetC3_1 Pin=R4-1
Added Pin To Net: NetName=X32_N Pin=R4-2
Added Pin To Net: NetName=NetC4_1 Pin=R5-1
Added Pin To Net: NetName=NetC3_1 Pin=R5-2
Added Pin To Net: NetName=X32_P Pin=R6-1
Added Pin To Net: NetName=NetC4_1 Pin=R6-2
Added Pin To Net: NetName=IO19 Pin=R7-1
Added Pin To Net: NetName=USB_N Pin=R7-2
Added Pin To Net: NetName=IO20 Pin=R8-1
Added Pin To Net: NetName=USB_P Pin=R8-2
Added Pin To Net: NetName=GND Pin=U1-1
Added Pin To Net: NetName=EN Pin=U1-2
Added Pin To Net: NetName=3V3_ESP Pin=U1-3
Added Pin To Net: NetName=LNA_IN Pin=U2-1
Added Pin To Net: NetName=3V3_ESP Pin=U2-2
Added Pin To Net: NetName=3V3_ESP Pin=U2-3
Added Pin To Net: NetName=EN Pin=U2-4
Added Pin To Net: NetName=IO0 Pin=U2-5
Added Pin To Net: NetName=IO10 Pin=U2-15
Added Pin To Net: NetName=IO12 Pin=U2-17
Added Pin To Net: NetName=IO14 Pin=U2-19
Added Pin To Net: NetName=RTC_PWR Pin=U2-20
Added Pin To Net: NetName=X32_P Pin=U2-21
Added Pin To Net: NetName=X32_N Pin=U2-22
Added Pin To Net: NetName=IO17 Pin=U2-23
Added Pin To Net: NetName=IO19 Pin=U2-25
Added Pin To Net: NetName=IO20 Pin=U2-26
Added Pin To Net: NetName=IO21 Pin=U2-27
Added Pin To Net: NetName=NetU2_28 Pin=U2-28
Added Pin To Net: NetName=NetU2_29 Pin=U2-29
Added Pin To Net: NetName=NetU2_30 Pin=U2-30
Added Pin To Net: NetName=NetU2_31 Pin=U2-31
Added Pin To Net: NetName=NetU2_32 Pin=U2-32
Added Pin To Net: NetName=NetU2_33 Pin=U2-33
Added Pin To Net: NetName=NetU2_34 Pin=U2-34
Added Pin To Net: NetName=NetU2_35 Pin=U2-35
Added Pin To Net: NetName=IO48 Pin=U2-36
Added Pin To Net: NetName=IO47 Pin=U2-37
Added Pin To Net: NetName=IO33 Pin=U2-38
Added Pin To Net: NetName=IO34 Pin=U2-39
Added Pin To Net: NetName=IO35 Pin=U2-40
Added Pin To Net: NetName=IO36 Pin=U2-41
Added Pin To Net: NetName=IO37 Pin=U2-42
Added Pin To Net: NetName=IO38 Pin=U2-43
Added Pin To Net: NetName=3V3_ESP Pin=U2-46
Added Pin To Net: NetName=U0RXD Pin=U2-50
Added Pin To Net: NetName=IO46 Pin=U2-52
Added Pin To Net: NetName=NetU2_53 Pin=U2-53
Added Pin To Net: NetName=NetU2_54 Pin=U2-54
Added Pin To Net: NetName=3V3A_ESP Pin=U2-55
Added Pin To Net: NetName=3V3A_ESP Pin=U2-56
Added Pin To Net: NetName=GND Pin=U2-57
Added Pin To Net: NetName=NetC3_1 Pin=X1-1
Added Pin To Net: NetName=NetC4_1 Pin=X1-2
Added Pin To Net: NetName=NetR2_1 Pin=R2-1
Added Net: Name=NetR2_1
Added Pin To Net: NetName=NetU2_6 Pin=U2-6
Added Net: Name=NetU2_6
Added Pin To Net: NetName=NetU2_7 Pin=U2-7
Added Net: Name=NetU2_7
Added Pin To Net: NetName=NetU2_8 Pin=U2-8
Added Net: Name=NetU2_8
Added Pin To Net: NetName=NetU2_9 Pin=U2-9
Added Net: Name=NetU2_9
Added Pin To Net: NetName=NetU2_10 Pin=U2-10
Added Net: Name=NetU2_10
Added Pin To Net: NetName=NetU2_11 Pin=U2-11
Added Net: Name=NetU2_11
Added Pin To Net: NetName=NetU2_12 Pin=U2-12
Added Net: Name=NetU2_12
Added Pin To Net: NetName=NetU2_13 Pin=U2-13
Added Net: Name=NetU2_13
Added Pin To Net: NetName=NetU2_14 Pin=U2-14
Added Net: Name=NetU2_14
Added Pin To Net: NetName=NetU2_16 Pin=U2-16
Added Net: Name=NetU2_16
Added Pin To Net: NetName=NetU2_18 Pin=U2-18
Added Net: Name=NetU2_18
Added Pin To Net: NetName=NetU2_24 Pin=U2-24
Added Net: Name=NetU2_24
Added Pin To Net: NetName=NetU2_44 Pin=U2-44
Added Net: Name=NetU2_44
Added Pin To Net: NetName=NetU2_45 Pin=U2-45
Added Net: Name=NetU2_45
Added Pin To Net: NetName=NetU2_47 Pin=U2-47
Added Net: Name=NetU2_47
Added Pin To Net: NetName=NetU2_48 Pin=U2-48
Added Net: Name=NetU2_48
Added Pin To Net: NetName=NetU2_49 Pin=U2-49
Added Net: Name=NetU2_49
Added Pin To Net: NetName=NetU2_51 Pin=U2-51
Added Net: Name=NetU2_51
Added Member To Class: ClassName=MCU Member=Component C1 ERP_102-1
Added Member To Class: ClassName=MCU Member=Component C2 ERP_102-1
Added Member To Class: ClassName=MCU Member=Component C3 ERP_102-1
Added Member To Class: ClassName=MCU Member=Component C4 ERP_102-1
Added Member To Class: ClassName=MCU Member=Component C5 ERP_102-1
Added Member To Class: ClassName=MCU Member=Component C6 ERP_102-1
Added Member To Class: ClassName=MCU Member=Component C7 ERP_102-1
Added Member To Class: ClassName=MCU Member=Component C8 ERP_102-1
Added Member To Class: ClassName=MCU Member=Component C9 ERP_102-1
Added Member To Class: ClassName=MCU Member=Component C10 ERP_102-1
Added Member To Class: ClassName=MCU Member=Component C11 ERP_102-1
Added Member To Class: ClassName=MCU Member=Component C12 ERP_102-1
Added Member To Class: ClassName=MCU Member=Component C13 ERP_102-1
Added Member To Class: ClassName=MCU Member=Component C14 ERP_102-1
Added Member To Class: ClassName=MCU Member=Component FB1 ERP_103-3
Added Member To Class: ClassName=MCU Member=Component J1 ERP_148-1
Added Member To Class: ClassName=MCU Member=Component L1 ERP_103-3
Added Member To Class: ClassName=MODEM Member=Component M1 EC200U
Added Member To Class: ClassName=MCU Member=Component R1 ERP_101-1
Added Member To Class: ClassName=MCU Member=Component R2 ERP_101-1
Added Member To Class: ClassName=MCU Member=Component R4 ERP_101-1
Added Member To Class: ClassName=MCU Member=Component R5 ERP_101-1
Added Member To Class: ClassName=MCU Member=Component R6 ERP_101-1
Added Member To Class: ClassName=MCU Member=Component R7 ERP_101-1
Added Member To Class: ClassName=MCU Member=Component R8 ERP_101-1
Added Member To Class: ClassName=MCU Member=Component U1 APX803L
Added Member To Class: ClassName=MCU Member=Component U2 ERP_121-4
Added Member To Class: ClassName=MCU Member=Component X1 ERP_111-1
Added Member To Class: ClassName=R2_Nets Member=Wire NetR2_1
Added Member To Class: ClassName=U2_Nets Member=Wire NetU2_6
Added Member To Class: ClassName=U2_Nets Member=Wire NetU2_7
Added Member To Class: ClassName=U2_Nets Member=Wire NetU2_8
Added Member To Class: ClassName=U2_Nets Member=Wire NetU2_9
Added Member To Class: ClassName=U2_Nets Member=Wire NetU2_10
Added Member To Class: ClassName=U2_Nets Member=Wire NetU2_11
Added Member To Class: ClassName=U2_Nets Member=Wire NetU2_12
Added Member To Class: ClassName=U2_Nets Member=Wire NetU2_13
Added Member To Class: ClassName=U2_Nets Member=Wire NetU2_14
Added Member To Class: ClassName=U2_Nets Member=Wire NetU2_16
Added Member To Class: ClassName=U2_Nets Member=Wire NetU2_18
Added Member To Class: ClassName=U2_Nets Member=Wire NetU2_24
Added Member To Class: ClassName=U2_Nets Member=Wire NetU2_44
Added Member To Class: ClassName=U2_Nets Member=Wire NetU2_45
Added Member To Class: ClassName=U2_Nets Member=Wire NetU2_47
Added Member To Class: ClassName=U2_Nets Member=Wire NetU2_48
Added Member To Class: ClassName=U2_Nets Member=Wire NetU2_49
Added Member To Class: ClassName=U2_Nets Member=Wire NetU2_51
